email_0 MIME_BASE64_TEXT DRUGS_ANXIETY
email_1 TVD_RCVD_SINGLE MIME_BASE64_BLANKS
email_2 HTML_SHORT_LINK_IMG_2
email_3 MISSING_DATE
email_4 TVD_APPROVED MIME_BASE64_BLANKS
email_5 BAYES_50 ENV_AND_HDR_SPF_MATCH
email_6 INVALID_DATE_TZ_ABSURD RCVD_IN_SORBS_WEB
email_7 ALL_TRUSTED ANY_BOUNCE_MESSAGE
email_8 S25R_6
email_9 FREE_QUOTE_INSTANT
email_10 FM_SUBJ_APPROVE MIME_QP_LONG_LINE
email_11 SPF_PASS RATWARE_EFROM
email_12 FS_REPLICA
email_13 TO_MALFORMED
email_14 SPF_HELO_SOFTFAIL
email_15 REPTO_QUOTE_YAHOO HTTP_EXCESSIVE_ESCAPES
email_16 HTML_IMAGE_ONLY_12 NO_RECEIVED
email_17 FUZZY_VPILL URIBL_JP_SURBL
email_18 RCVD_NUMERIC_HELO
email_19 FSL_HELO_BARE_IP_1
email_20 RCVD_NUMERIC_HELO
email_21 MSOE_MID_WRONG_CASE
email_22 UNPARSEABLE_RELAY
email_23 IMPOTENCE
email_24 FROM_BLANK_NAME SPF_NEUTRAL
email_25 FH_HOST_EQ_PACBELL_D BAYES_50
email_26 SPF_HELO_SOFTFAIL
email_27 HTML_SHORT_LINK_IMG_2
email_28 FH_FROM_CASH EXCUSE_4
email_29 BAYES_20 T_FILL_THIS_FORM_SHORT
email_30 SPOOF_COM2COM MISSING_SUBJECT
email_31 ADVANCE_FEE_4
email_32 FROM_NO_USER
email_33 RCVD_FAKE_HELO_DOTCOM
email_34 FB_GVR TVD_FW_GRAPHIC_NAME_LONG
email_35 DEAR_FRIEND
email_36 EXCUSE_REMOVE RDNS_DYNAMIC
email_37 DATE_IN_FUTURE_12_24 UNCLAIMED_MONEY
email_38 OBFUSCATING_COMMENT MPART_ALT_DIFF
email_39 T_FILL_THIS_FORM_SHORT FROM_NO_USER
email_40 SUSPICIOUS_RECIPS
email_41 RATWARE_MS_HASH
email_42 TVD_RCVD_IP4 DATE_IN_FUTURE_12_24
email_43 NO_HEADERS_MESSAGE FS_LARGE_PERCENT2
email_44 HTML_TAG_BALANCE_BODY BAD_CREDIT
email_45 FSL_HELO_BARE_IP_1 DNS_FROM_RFC_DSN
email_46 DRUGS_DIET
email_47 TVD_SPACE_RATIO RCVD_NUMERIC_HELO
email_48 GUARANTEED_100_PERCENT
email_49 BAYES_40
email_50 FRT_SOMA EXCUSE_4
email_51 FB_SPACED_FREE HTML_FONT_SIZE_LARGE
email_52 FB_GET_MEDS
email_53 RCVD_FAKE_HELO_DOTCOM
email_54 DOS_HIGHBIT_HDRS_BODY FREEMAIL_REPLY
email_55 SUBJECT_NEEDS_ENCODING
email_56 HTTP_EXCESSIVE_ESCAPES FORGED_MSGID_YAHOO
email_57 HTML_SHORT_LINK_IMG_2
email_58 FROM_MISSP_DYNIP SUBJECT_DIET
email_59 HTML_IMAGE_ONLY_28 SUBJECT_DRUG_GAP_C
email_60 HTML_FONT_SIZE_HUGE MPART_ALT_DIFF_COUNT
email_61 SUBJ_ALL_CAPS BANKING_LAWS
email_62 HTML_IMAGE_RATIO_02
email_63 UPPERCASE_75_100 FORGED_MUA_EUDORA
email_64 HS_INDEX_PARAM
email_65 MPART_ALT_DIFF FORGED_MUA_MOZILLA
email_66 RCVD_IN_DNSWL_NONE
email_67 RCVD_ILLEGAL_IP
email_68 URIBL_JP_SURBL BASE64_LENGTH_79_INF
email_69 REPLYTO_WITHOUT_TO_CC HTML_IMAGE_RATIO_02
email_70 HTML_IMAGE_ONLY_08
email_71 DOS_OE_TO_MX SPF_FAIL
email_72 FORGED_OUTLOOK_TAGS RCVD_IN_IADB_LISTED
email_73 FORGED_MUA_OIMO
email_74 DATE_IN_FUTURE_06_12 TVD_SUBJ_ACC_NUM
email_75 DATE_IN_PAST_96_XX
email_76 NO_PRESCRIPTION MSGID_OUTLOOK_INVALID
email_77 DRUGS_ANXIETY HK_NAME_FREE
email_78 RDNS_DYNAMIC SUBJECT_DRUG_GAP_C
email_79 MIME_HTML_ONLY RCVD_ILLEGAL_IP
email_80 FRT_SOMA2 RCVD_IN_NJABL_RELAY
email_81 FUZZY_MILLION
email_82 DATE_IN_FUTURE_24_48 GUARANTEED_100_PERCENT
email_83 ONE_TIME
email_84 FS_NUDE
email_85 FH_FROM_GET_NAME
email_86 SUBJ_ILLEGAL_CHARS
email_87 SPF_HELO_SOFTFAIL
email_88 ENV_AND_HDR_SPF_MATCH LOTTO_AGENT
email_89 ADVANCE_FEE_3 FAKE_HELO_MAIL_COM_DOM
email_90 IMPOTENCE
email_91 FROM_ILLEGAL_CHARS
email_92 HELO_OEM FB_SAVE_PERSC
email_93 FB_GVR USER_IN_DEF_WHITELIST
email_94 DATE_IN_PAST_24_48 TVD_SPACE_RATIO
email_95 RATWARE_OUTLOOK_NONAME HTML_IMAGE_ONLY_24
email_96 FORGED_MUA_EUDORA
email_97 ALL_TRUSTED LOCALPART_IN_SUBJECT
email_98 RCVD_IN_BRBL_LASTEXT
email_99 UNRESOLVED_TEMPLATE
email_100 NUMERIC_HTTP_ADDR BODY_ENHANCEMENT2
email_101 NORMAL_HTTP_TO_IP PLING_QUERY
email_102 TVD_RCVD_IP
email_103 SHORT_TERM_PRICE
email_104 RCVD_IN_PBL MSGID_SHORT
email_105 TVD_SUBJ_WIPE_DEBT RCVD_IN_NJABL_PROXY
email_106 SHORT_TERM_PRICE DEAR_EMAIL
email_107 NO_DNS_FOR_FROM
email_108 SUBJ_YOUR_FAMILY UNPARSEABLE_RELAY
email_109 TVD_FW_GRAPHIC_NAME_MID PERCENT_RANDOM
email_110 LOCALPART_IN_SUBJECT MSGID_OUTLOOK_INVALID
email_111 FORGED_HOTMAIL_RCVD2
email_112 FH_HOST_EQ_PACBELL_D T_FILL_THIS_FORM_SHORT
email_113 RDNS_NONE
email_114 FUZZY_PHARMACY REPTO_QUOTE_YAHOO
email_115 HTML_SHORT_LINK_IMG_1 FILL_THIS_FORM_LONG
email_116 FREEMAIL_REPLYTO_END_DIGIT DEAR_SOMETHING
email_117 RCVD_NUMERIC_HELO
email_118 FUZZY_VPILL BANKING_LAWS
email_119 HK_SCAM_N2 HTML_FONT_FACE_BAD
email_120 INVALID_MSGID
email_121 MISSING_HEADERS
email_122 FORGED_MUA_THEBAT_BOUN DIET_1
email_123 FROM_LOCAL_HEX S25R_6
email_124 BILLION_DOLLARS
email_125 FORGED_MUA_MOZILLA
email_126 BAYES_99 FUZZY_PHARMACY
email_127 LOCALPART_IN_SUBJECT FB_SAVE_PERSC
email_128 MSGID_MULTIPLE_AT
email_129 HTML_OBFUSCATE_10_20
email_130 ADVANCE_FEE_2 DNS_FROM_RFC_DSN
email_131 SPF_NEUTRAL RCVD_IN_SORBS_WEB
email_132 UPPERCASE_50_75
email_133 MPART_ALT_DIFF_COUNT NO_DNS_FOR_FROM
email_134 HTML_SHORT_LINK_IMG_2
email_135 FH_FROM_CASH
email_136 HTML_MIME_NO_HTML_TAG ANY_BOUNCE_MESSAGE
email_137 ALL_TRUSTED
email_138 URI_HEX
email_139 FM_SUBJ_APPROVE
email_140 MISSING_MID
email_141 HTML_IMAGE_ONLY_04
email_142 HELO_LOCALHOST FM_SCHOOLING
email_143 ANY_BOUNCE_MESSAGE FUZZY_MILLION
email_144 HTML_IMAGE_ONLY_28 NO_HEADERS_MESSAGE
email_145 NO_RECEIVED SUBJECT_DIET
email_146 HK_LOTTO FUZZY_CREDIT
email_147 MISSING_DATE HTML_EXTRA_CLOSE
email_148 HTTP_EXCESSIVE_ESCAPES
email_149 RCVD_IN_SORBS_DUL
email_150 TVD_RCVD_IP4
email_151 RATWARE_EFROM NUMERIC_HTTP_ADDR
email_152 TVD_RCVD_SINGLE
email_153 FROM_LOCAL_HEX PART_CID_STOCK_LESS
email_154 SUBJ_ILLEGAL_CHARS
email_155 ADVANCE_FEE_4 FRT_BIGGERMEM1
email_156 FORGED_HOTMAIL_RCVD2
email_157 RATWARE_OUTLOOK_NONAME HEADER_SPAM
email_158 OBFUSCATING_COMMENT
email_159 FB_NO_SCRIP_NEEDED
email_160 TVD_PH_SUBJ_URGENT
email_161 RDNS_DYNAMIC SORTED_RECIPS
email_162 SPF_HELO_NEUTRAL
email_163 FH_HOST_EQ_PACBELL_D FRT_DIPLOMA
email_164 DRUG_ED_SILD HELO_NO_DOMAIN
email_165 HTML_IMAGE_ONLY_16 FROM_LOCAL_HEX
email_166 RCVD_IN_RP_RNBL
email_167 BAD_CREDIT
email_168 BANG_GUAR ENGLISH_UCE_SUBJECT
email_169 RCVD_IN_NJABL_RELAY
email_170 HIDE_WIN_STATUS
email_171 NO_RDNS_DOTCOM_HELO
email_172 US_DOLLARS_3 EXCUSE_24
email_173 TVD_VISIT_PHARMA MIME_QP_LONG_LINE
email_174 TO_NO_BRKTS_DYNIP MIME_BASE64_BLANKS
email_175 NO_DNS_FOR_FROM
email_176 DOS_OE_TO_MX RCVD_HELO_IP_MISMATCH
email_177 FH_FROM_GET_NAME BAYES_99
email_178 SUBJ_AS_SEEN
email_179 SUBJ_BUY DATE_IN_FUTURE_06_12
email_180 FILL_THIS_FORM_FRAUD_PHISH SHORT_HELO_AND_INLINE_IMAGE
email_181 FRT_SOMA2 LOCALPART_IN_SUBJECT
email_182 URIBL_SBL
email_183 DRUG_ED_CAPS
email_184 FREEMAIL_REPLY EXCUSE_4
email_185 MIME_HTML_ONLY
email_186 IMPOTENCE MIME_HTML_ONLY_MULTI
email_187 ALL_TRUSTED
email_188 FROM_LOCAL_DIGITS
email_189 DRUGS_DIET UNRESOLVED_TEMPLATE
email_190 DOS_OE_TO_MX FUZZY_VPILL
email_191 RCVD_IN_SORBS_DUL HTTP_ESCAPED_HOST
email_192 FH_FROM_GET_NAME FUZZY_XPILL
email_193 TVD_FW_GRAPHIC_NAME_MID
email_194 HTML_IMAGE_ONLY_16
email_195 XMAILER_MIMEOLE_OL_3AC1D FS_START_DOYOU2
email_196 RCVD_IN_SORBS_DUL DEAR_SOMETHING
email_197 FH_FROM_CASH BUG6152_INVALID_DATE_TZ_ABSURD
email_198 BASE64_LENGTH_78_79 US_DOLLARS_3
email_199 BAYES_20
email_200 NO_HEADERS_MESSAGE
email_201 MSGID_MULTIPLE_AT DRUGS_MUSCLE
email_202 TVD_VISIT_PHARMA DATE_IN_FUTURE_12_24
email_203 DYN_RDNS_SHORT_HELO_HTML TVD_FW_GRAPHIC_NAME_LONG
email_204 RCVD_IN_SORBS_WEB MSGID_RANDY
email_205 URIBL_WS_SURBL UPPERCASE_75_100
email_206 TVD_VISIT_PHARMA
email_207 FUZZY_PHARMACY IMPOTENCE
email_208 FH_FROM_CASH
email_209 SUBJ_ALL_CAPS ADVANCE_FEE_2
email_210 EXCUSE_4
email_211 HTML_SHORT_LINK_IMG_2 RCVD_DOUBLE_IP_LOOSE
email_212 FORGED_MUA_IMS
email_213 PLING_QUERY RDNS_NONE
email_214 SUBJECT_NEEDS_ENCODING
email_215 XMAILER_MIMEOLE_OL_3AC1D
email_216 FROM_ILLEGAL_CHARS
email_217 MILLION_USD
email_218 TO_NO_BRKTS_DYNIP SPF_HELO_PASS
email_219 UNRESOLVED_TEMPLATE S25R_6
email_220 MONEY_BACK
email_221 DATE_IN_PAST_03_06
email_222 TO_NO_BRKTS_DYNIP
email_223 HELO_DYNAMIC_DHCP TO_NO_BRKTS_DYNIP
email_224 BAYES_50 FROM_LOCAL_DIGITS
email_225 FB_NO_SCRIP_NEEDED RCVD_IN_DNSWL_NONE
email_226 RCVD_IN_DNSWL_LOW BANKING_LAWS
email_227 DEAR_SOMETHING TVD_FW_GRAPHIC_NAME_LONG
email_228 SPF_HELO_SOFTFAIL FREEMAIL_FORGED_REPLYTO
email_229 FROM_OFFERS BASE64_LENGTH_79_INF
email_230 BAD_CREDIT PLING_QUERY
email_231 HTML_IMAGE_ONLY_08 DNS_FROM_RFC_BOGUSMX
email_232 FM_SCHOOL_DIPLOMA FREEMAIL_FROM
email_233 RCVD_IN_NJABL_PROXY
email_234 DEAR_EMAIL
email_235 DATE_IN_PAST_12_24
email_236 FUZZY_MILLION MISSING_MID
email_237 INVALID_DATE_TZ_ABSURD
email_238 HTML_IMAGE_RATIO_02
email_239 HIDE_WIN_STATUS
email_240 RCVD_IN_DNSWL_HI GUARANTEED_100_PERCENT
email_241 FS_NUDE FROM_BLANK_NAME
email_242 SUBJ_ILLEGAL_CHARS FM_SCHOOLING
email_243 TVD_FW_GRAPHIC_NAME_MID RCVD_IN_SORBS_DUL
email_244 DATE_IN_FUTURE_03_06
email_245 FUZZY_MILLION HTML_NONELEMENT_30_40
email_246 NO_RECEIVED
email_247 REPLYTO_WITHOUT_TO_CC BAD_CREDIT
email_248 TVD_SUBJ_ACC_NUM RCVD_FAKE_HELO_DOTCOM
email_249 FORGED_MUA_MOZILLA
email_250 TRACKER_ID
email_251 DIET_1
email_252 FORGED_MSGID_YAHOO
email_253 HELO_DYNAMIC_DHCP REPTO_QUOTE_YAHOO
email_254 RCVD_IN_NJABL_RELAY
email_255 HTML_SHORT_CENTER SUBJ_BUY
email_256 MARKETING_PARTNERS
email_257 BODY_ENHANCEMENT
email_258 FROM_LOCAL_NOVOWEL TVD_SUBJ_WIPE_DEBT
email_259 SPF_FAIL
email_260 URIBL_GREY US_DOLLARS_3
email_261 FROM_LOCAL_HEX SUBJ_DOLLARS
email_262 RCVD_IN_IADB_LISTED
email_263 DOS_OE_TO_MX_IMAGE ADVANCE_FEE_2
email_264 HTML_TAG_BALANCE_BODY SUBJECT_DIET
email_265 RCVD_IN_NJABL_RELAY DOS_HIGHBIT_HDRS_BODY
email_266 HTML_IMAGE_RATIO_08
email_267 VBOUNCE_MESSAGE MSGID_FROM_MTA_HEADER
email_268 DRUGS_ERECTILE BAYES_80
email_269 RCVD_ILLEGAL_IP
email_270 BAYES_00 MONEY_BACK
email_271 ADVANCE_FEE_4
email_272 MONEY_BACK
email_273 FROM_LOCAL_NOVOWEL
email_274 TWO_IPS_RCVD MARKETING_PARTNERS
email_275 FR_TITLE_NUMS
email_276 SUBJ_DOLLARS FREEMAIL_FORGED_REPLYTO
email_277 TVD_SUBJ_ACC_NUM
email_278 DRUG_ED_SILD
email_279 TVD_VISIT_PHARMA
email_280 FREEMAIL_FORGED_REPLYTO HELO_NO_DOMAIN
email_281 ENV_AND_HDR_SPF_MATCH
email_282 TVD_SUBJ_ACC_NUM FH_FROMEML_NOTLD
email_283 URIBL_DBL_SPAM HTML_TITLE_SUBJ_DIFF
email_284 FILL_THIS_FORM_LOAN EXTRA_MPART_TYPE
email_285 NA_DOLLARS
email_286 FM_LOTTO_YOU_WON MSGID_OUTLOOK_INVALID
email_287 FH_FROM_GET_NAME
email_288 FM_SUBJ_APPROVE SUBJ_BUY
email_289 URIBL_BLACK
email_290 RCVD_IN_SORBS_DUL DATE_IN_PAST_12_24
email_291 DATE_IN_FUTURE_03_06 S25R_6
email_292 INVALID_DATE
email_293 TVD_RCVD_IP FH_HOST_EQ_PACBELL_D
email_294 RCVD_IN_PBL
email_295 MONEY_BACK FREEMAIL_REPLY
email_296 DATE_IN_PAST_12_24 FILL_THIS_FORM_FRAUD_PHISH
email_297 RCVD_IN_DNSWL_LOW
email_298 T_KHOP_FOREIGN_CLICK
email_299 DNS_FROM_RFC_BOGUSMX UNPARSEABLE_RELAY
email_300 US_DOLLARS_3
email_301 T_FILL_THIS_FORM FUZZY_VPILL
email_302 FORGED_MUA_OUTLOOK HTML_FONT_FACE_BAD
email_303 XMAILER_MIMEOLE_OL_3AC1D
email_304 SUBJ_DOLLARS HTML_SHORT_LINK_IMG_1
email_305 BUG6152_INVALID_DATE_TZ_ABSURD DOS_OE_TO_MX_IMAGE
email_306 FROM_LOCAL_DIGITS
email_307 URIBL_GREY HTML_IMAGE_RATIO_06
email_308 URIBL_DBL_SPAM
email_309 TVD_RCVD_IP4
email_310 IMPOTENCE
email_311 FROM_NO_USER HTML_OBFUSCATE_10_20
email_312 FRT_BIGGERMEM1 MIME_QP_LONG_LINE
email_313 FROM_MISSP_DYNIP
email_314 BAYES_05
email_315 URIBL_SBL SUBJECT_DIET
email_316 MONEY_BACK
email_317 GAPPY_SUBJECT
email_318 IP_LINK_PLUS
email_319 MIME_HTML_ONLY
email_320 HTML_FONT_SIZE_LARGE FS_LARGE_PERCENT2
email_321 BAYES_50 RATWARE_MS_HASH
email_322 MIME_BASE64_TEXT
email_323 FREEMAIL_FORGED_REPLYTO
email_324 DYN_RDNS_AND_INLINE_IMAGE
email_325 TVD_INCREASE_SIZE BAYES_95
email_326 RCVD_IN_NJABL_SPAM DATE_IN_PAST_24_48
email_327 TVD_SPACE_RATIO
email_328 SUBJ_BUY FREEMAIL_FORGED_REPLYTO
email_329 FIN_FREE FH_HELO_EQ_D_D_D_D
email_330 GAPPY_SUBJECT
email_331 MIME_HTML_MOSTLY MISSING_SUBJECT
email_332 BILLION_DOLLARS HK_LOTTO
email_333 MPART_ALT_DIFF_COUNT
email_334 RCVD_IN_RP_RNBL MSGID_MULTIPLE_AT
email_335 HTML_TAG_BALANCE_HEAD HTML_IMAGE_RATIO_04
email_336 MSGID_SPAM_CAPS EXCUSE_REMOVE
email_337 MSGID_MULTIPLE_AT
email_338 FROM_EXCESS_BASE64 T_MIME_NO_TEXT
email_339 FUZZY_PHARMACY NO_RDNS_DOTCOM_HELO
email_340 SUBJ_YOUR_FAMILY
email_341 MPART_ALT_DIFF_COUNT
email_342 SPF_HELO_SOFTFAIL FB_INCREASE_YOUR
email_343 FROM_BLANK_NAME DNS_FROM_RFC_DSN
email_344 S25R_6 BAYES_95
email_345 HTML_TITLE_SUBJ_DIFF
email_346 HTML_IMAGE_RATIO_04
email_347 HTML_TITLE_SUBJ_DIFF
email_348 RCVD_IN_SBL BAD_CREDIT
email_349 FU_COMMON_SUBS2 TVD_SUBJ_ACC_NUM
email_350 FS_REPLICA
email_351 HTTP_ESCAPED_HOST
email_352 URIBL_BLACK
email_353 FREEMAIL_FROM HK_SCAM_N2
email_354 HIDE_WIN_STATUS HELO_OEM
email_355 URIBL_DBL_SPAM NORMAL_HTTP_TO_IP
email_356 FS_NUDE
email_357 HTML_EXTRA_CLOSE
email_358 FROM_OFFERS
email_359 DATE_IN_PAST_12_24
email_360 UNPARSEABLE_RELAY
email_361 FREEMAIL_REPLYTO EXCUSE_REMOVE
email_362 URIBL_SBL
email_363 CTYPE_001C_B DATE_IN_FUTURE_48_96
email_364 REPLYTO_WITHOUT_TO_CC HTML_IMAGE_ONLY_20
email_365 SUBJ_DOLLARS
email_366 HTML_TAG_BALANCE_BODY
email_367 UPPERCASE_50_75 TVD_FW_GRAPHIC_NAME_MID
email_368 TVD_SUBJ_WIPE_DEBT
email_369 RCVD_FAKE_HELO_DOTCOM
email_370 TVD_SUBJ_ACC_NUM
email_371 TO_NO_BRKTS_DYNIP MISSING_DATE
email_372 ADVANCE_FEE_4 FILL_THIS_FORM_LOAN
email_373 FREEMAIL_REPLYTO RCVD_IN_NJABL_RELAY
email_374 BASE64_LENGTH_78_79
email_375 MISSING_DATE
email_376 RCVD_IN_DNSWL_HI
email_377 FS_ABIGGER FILL_THIS_FORM_LOAN
email_378 HTML_IMAGE_ONLY_32 BAYES_40
email_379 BASE64_LENGTH_79_INF
email_380 IP_LINK_PLUS
email_381 TVD_INCREASE_SIZE TVD_APPROVED
email_382 HK_NAME_FREE DIET_1
email_383 MONEY_FROM_MISSP
email_384 RCVD_IN_RP_RNBL
email_385 DEAR_EMAIL FROM_ILLEGAL_CHARS
email_386 DIET_1 HTML_IMAGE_ONLY_24
email_387 SPF_NEUTRAL HK_LOTTO
email_388 RCVD_IN_IADB_DOPTIN_LT50 RDNS_NONE
email_389 MONEY_BACK SUBJ_AS_SEEN
email_390 RATWARE_EGROUPS
email_391 FS_ABIGGER RCVD_IN_NJABL_RELAY
email_392 FROM_ILLEGAL_CHARS EXTRA_MPART_TYPE
email_393 SUBJ_YOUR_FAMILY
email_394 FR_TITLE_NUMS
email_395 MSGID_SHORT FORGED_YAHOO_RCVD
email_396 FS_LARGE_PERCENT2 HTML_FONT_SIZE_LARGE
email_397 MORE_SEX
email_398 URG_BIZ
email_399 HTML_TAG_BALANCE_HEAD
email_400 FROM_LOCAL_HEX DATE_IN_FUTURE_12_24
email_401 HTML_OBFUSCATE_10_20 HTML_FONT_SIZE_HUGE
email_402 TVD_APPROVED
email_403 FRT_DIPLOMA
email_404 URG_BIZ INVALID_MSGID
email_405 FRT_SOMA2 RCVD_NUMERIC_HELO
email_406 RCVD_IN_DNSWL_LOW SPF_HELO_NEUTRAL
email_407 HTML_TITLE_SUBJ_DIFF HEADER_SPAM
email_408 FRT_DIPLOMA BASE64_LENGTH_78_79
email_409 KAM_LOTTO1
email_410 USER_IN_DEF_SPF_WL URIBL_SBL
email_411 HTML_OBFUSCATE_10_20
email_412 FM_LOTTO_YOU_WON
email_413 FROM_LOCAL_DIGITS FH_HOST_IN_ADDRARPA
email_414 FH_HOST_IN_ADDRARPA HTML_IMAGE_RATIO_04
email_415 MIME_HEADER_CTYPE_ONLY
email_416 HTML_IMAGE_ONLY_24
email_417 HTML_SHORT_CENTER MISSING_MIMEOLE
email_418 HTML_TAG_BALANCE_BODY
email_419 FREEMAIL_ENVFROM_END_DIGIT
email_420 RATWARE_EGROUPS
email_421 TVD_PH_BODY_ACCOUNTS_PRE
email_422 FRT_BIGGERMEM1
email_423 FROM_STARTS_WITH_NUMS RCVD_IN_IADB_LISTED
email_424 FROM_MISSP_DYNIP HELO_DYNAMIC_DHCP
email_425 SORTED_RECIPS DATE_IN_FUTURE_06_12
email_426 NO_RDNS_DOTCOM_HELO
email_427 FORGED_OUTLOOK_TAGS FS_START_DOYOU2
email_428 HTML_OBFUSCATE_10_20 FS_START_LOSE
email_429 MANY_SPAN_IN_TEXT
email_430 RCVD_NUMERIC_HELO TVD_VISIT_PHARMA
email_431 TVD_INCREASE_SIZE HK_NAME_FREE
email_432 MPART_ALT_DIFF HTML_IMAGE_ONLY_32
email_433 LOTTO_AGENT
email_434 FM_SCHOOLING
email_435 HELO_OEM NUMERIC_HTTP_ADDR
email_436 HTML_SHORT_LINK_IMG_3
email_437 FROM_MISSP_DYNIP URIBL_WS_SURBL
email_438 DOS_OE_TO_MX_IMAGE TRACKER_ID
email_439 FS_REPLICA RDNS_DYNAMIC
email_440 FUZZY_PHENT
email_441 HTML_SHORT_LINK_IMG_3 NO_PRESCRIPTION
email_442 SPF_HELO_FAIL VBOUNCE_MESSAGE
email_443 SPF_HELO_PASS DEAR_SOMETHING
email_444 HTML_TITLE_SUBJ_DIFF FH_DATE_IS_19XX
email_445 RCVD_IN_SBL T_KHOP_FOREIGN_CLICK
email_446 FS_LARGE_PERCENT2
email_447 RCVD_HELO_IP_MISMATCH TVD_SPACE_RATIO
email_448 SUBJECT_DRUG_GAP_C DOS_OE_TO_MX
email_449 PERCENT_RANDOM URIBL_WS_SURBL
email_450 TWO_IPS_RCVD
email_451 HIDE_WIN_STATUS HK_SCAM_N2
email_452 FH_FROM_CASH SANE_91
email_453 TVD_FW_GRAPHIC_NAME_LONG OBFUSCATING_COMMENT
email_454 ADVANCE_FEE_2
email_455 RCVD_IN_NJABL_SPAM NO_HEADERS_MESSAGE
email_456 RCVD_HELO_IP_MISMATCH MIME_HTML_ONLY
email_457 FSL_HELO_NON_FQDN_1 TO_MALFORMED
email_458 SUSPICIOUS_RECIPS
email_459 GAPPY_SUBJECT HTML_TAG_BALANCE_HEAD
email_460 TVD_FW_GRAPHIC_NAME_LONG APOSTROPHE_FROM
email_461 HIDE_WIN_STATUS RCVD_IN_BRBL_LASTEXT
email_462 DEAR_EMAIL TVD_APPROVED
email_463 DATE_IN_PAST_06_12 TRACKER_ID
email_464 S25R_6
email_465 FROM_MISSP_DYNIP
email_466 SORTED_RECIPS FH_HELO_EQ_D_D_D_D
email_467 TVD_APPROVED
email_468 FU_COMMON_SUBS2 INVALID_DATE
email_469 MPART_ALT_DIFF_COUNT
email_470 BAYES_20
email_471 FREEMAIL_REPLYTO
email_472 DATE_IN_FUTURE_48_96
email_473 WEIRD_QUOTING
email_474 ADVANCE_FEE_3
email_475 KAM_LOTTO1 ADVANCE_FEE_4
email_476 DRUG_ED_ONLINE
email_477 UNCLAIMED_MONEY MISSING_MIME_HB_SEP
email_478 HTTP_EXCESSIVE_ESCAPES
email_479 FB_INCREASE_YOUR
email_480 DYN_RDNS_SHORT_HELO_HTML ENV_AND_HDR_SPF_MATCH
email_481 MIME_HTML_MOSTLY
email_482 MSGID_SHORT
email_483 TVD_FW_GRAPHIC_NAME_MID
email_484 FORGED_TELESP_RCVD USER_IN_DEF_WHITELIST
email_485 URIBL_WS_SURBL EXCUSE_4
email_486 IP_LINK_PLUS
email_487 RATWARE_EGROUPS
email_488 FROM_NO_USER FS_LARGE_PERCENT2
email_489 TVD_RCVD_IP
email_490 MSGID_RANDY
email_491 NA_DOLLARS FORGED_OUTLOOK_TAGS
email_492 BANKING_LAWS
email_493 DRUGS_ERECTILE NO_DNS_FOR_FROM
email_494 FREEMAIL_REPLYTO_END_DIGIT SUBJ_ILLEGAL_CHARS
email_495 FM_SCHOOL_DIPLOMA FORGED_MSGID_YAHOO
email_496 MSOE_MID_WRONG_CASE
email_497 BAYES_00 URG_BIZ
email_498 FORGED_MUA_EUDORA
email_499 MISSING_MID
email_500 URIBL_SBL RCVD_IN_NJABL_PROXY
email_501 OBFUSCATING_COMMENT IMPOTENCE
email_502 RCVD_IN_DNSWL_NONE
email_503 RCVD_NUMERIC_HELO HTML_IMAGE_RATIO_04
email_504 HEADER_SPAM NO_RECEIVED
email_505 MIME_QP_LONG_LINE
email_506 RCVD_IN_SBL
email_507 DATE_IN_FUTURE_24_48
email_508 FORGED_MUA_OIMO
email_509 UNCLAIMED_MONEY
email_510 USER_IN_DEF_SPF_WL
email_511 FORGED_MSGID_YAHOO
email_512 HTML_SHORT_LINK_IMG_1 HTML_OBFUSCATE_10_20
email_513 HTML_FONT_SIZE_HUGE HTML_TAG_BALANCE_HEAD
email_514 FREEMAIL_REPLY
email_515 HELO_LOCALHOST ONE_TIME
email_516 FB_GET_MEDS
email_517 FORGED_MUA_OIMO
email_518 HTML_EXTRA_CLOSE
email_519 FRT_DIPLOMA DRUGS_DIET
email_520 FROM_MISSP_FREEMAIL
email_521 FB_NO_SCRIP_NEEDED
email_522 GAPPY_SUBJECT
email_523 HTML_FONT_SIZE_HUGE
email_524 PLING_QUERY T_MIME_NO_TEXT
email_525 NUMERIC_HTTP_ADDR
email_526 TVD_PH_SUBJ_URGENT
email_527 FB_SAVE_PERSC
email_528 RATWARE_MS_HASH HTML_IMAGE_ONLY_08
email_529 HTML_IMAGE_ONLY_08 BILLION_DOLLARS
email_530 INVALID_DATE TVD_PH_SUBJ_URGENT
email_531 HTML_IMAGE_ONLY_04
email_532 FRT_ADOBE2 TVD_FW_GRAPHIC_NAME_MID
email_533 DYN_RDNS_SHORT_HELO_HTML
email_534 HTML_SHORT_LINK_IMG_3
email_535 FH_HELO_EQ_D_D_D_D HTML_IMAGE_ONLY_32
email_536 FREEMAIL_ENVFROM_END_DIGIT
email_537 FREEMAIL_REPLY
email_538 RATWARE_EGROUPS
email_539 FORGED_MUA_EUDORA SANE_91
email_540 MSGID_MULTIPLE_AT BAYES_99
email_541 MSGID_RANDY FS_LARGE_PERCENT2
email_542 OBFUSCATING_COMMENT ADVANCE_FEE_3
email_543 TWO_IPS_RCVD
email_544 DRUG_ED_SILD
email_545 DEAR_FRIEND
email_546 MSGID_SHORT FH_HOST_EQ_PACBELL_D
email_547 SHORT_TERM_PRICE
email_548 MISSING_MIME_HB_SEP
email_549 BODY_ENHANCEMENT2
email_550 DRUGS_MUSCLE SPF_HELO_SOFTFAIL
email_551 RCVD_IN_RP_RNBL TVD_RCVD_IP4
email_552 TVD_SPACE_RATIO
email_553 LOCALPART_IN_SUBJECT
email_554 EXTRA_MPART_TYPE DEAR_SOMETHING
email_555 FU_COMMON_SUBS2
email_556 HTML_OBFUSCATE_10_20 LOCALPART_IN_SUBJECT
email_557 FRT_ADOBE2 FROM_MISSP_DYNIP
email_558 FORGED_TELESP_RCVD FREE_QUOTE_INSTANT
email_559 PLING_QUERY FUZZY_MILLION
email_560 NO_HEADERS_MESSAGE
email_561 TVD_FW_GRAPHIC_NAME_LONG
email_562 HK_LOTTO HTML_SHORT_LINK_IMG_3
email_563 BANG_GUAR DRUG_ED_SILD
email_564 FORGED_TELESP_RCVD RCVD_IN_DNSWL_LOW
email_565 HTML_FONT_FACE_BAD
email_566 MISSING_DATE DOS_OE_TO_MX_IMAGE
email_567 MIME_HTML_MOSTLY MSGID_MULTIPLE_AT
email_568 TVD_SUBJ_WIPE_DEBT US_DOLLARS_3
email_569 FH_HOST_IN_ADDRARPA FRT_BIGGERMEM1
email_570 FH_FROM_CASH NUMERIC_HTTP_ADDR
email_571 FREEMAIL_FROM
email_572 TVD_SUBJ_WIPE_DEBT DATE_IN_FUTURE_24_48
email_573 RCVD_IN_NJABL_RELAY
email_574 ENGLISH_UCE_SUBJECT S25R_6
email_575 FH_HOST_EQ_PACBELL_D SUBJ_BUY
email_576 SPF_SOFTFAIL FREEMAIL_FORGED_REPLYTO
email_577 RCVD_NUMERIC_HELO
email_578 FSL_HELO_BARE_IP_1 FREEMAIL_REPLYTO_END_DIGIT
email_579 MSGID_OUTLOOK_INVALID MONEY_FROM_MISSP
email_580 FREEMAIL_REPLY
email_581 HTML_FONT_SIZE_LARGE FROM_ILLEGAL_CHARS
email_582 HTML_OBFUSCATE_10_20
email_583 RCVD_IN_PBL FROM_MISSP_FREEMAIL
email_584 DOS_HIGHBIT_HDRS_BODY RCVD_IN_IADB_DOPTIN_LT50
email_585 BAYES_60
email_586 FS_NUDE
email_587 XMAILER_MIMEOLE_OL_3AC1D FRT_SOMA2
email_588 RCVD_IN_RP_RNBL
email_589 DATE_IN_FUTURE_96_XX FS_WEIGHT_LOSS
email_590 MSOE_MID_WRONG_CASE DATE_IN_PAST_03_06
email_591 URI_NOVOWEL ADVANCE_FEE_4
email_592 SORTED_RECIPS MANY_SPAN_IN_TEXT
email_593 ONLINE_PHARMACY
email_594 MANY_SPAN_IN_TEXT DEAR_SOMETHING
email_595 HK_SCAM_N2 S25R_6
email_596 NORMAL_HTTP_TO_IP
email_597 DEAR_EMAIL
email_598 ADVANCE_FEE_3 WEIRD_QUOTING
email_599 HTML_EXTRA_CLOSE
email_600 BAD_CREDIT
email_601 HTML_IMAGE_RATIO_06
email_602 HTML_IMAGE_ONLY_32
email_603 FORGED_TELESP_RCVD
email_604 T_FILL_THIS_FORM T_LOTS_OF_MONEY
email_605 TVD_VISIT_PHARMA
email_606 DIET_1 URIBL_SBL
email_607 SUBJ_AS_SEEN
email_608 HTML_OBFUSCATE_05_10
email_609 ACT_NOW_CAPS
email_610 HTML_EXTRA_CLOSE
email_611 FREEMAIL_ENVFROM_END_DIGIT RCVD_IN_DNSWL_LOW
email_612 FREEMAIL_REPLY US_DOLLARS_3
email_613 FM_LOTTO_YOU_WON
email_614 HTML_FONT_LOW_CONTRAST
email_615 FILL_THIS_FORM_LOAN
email_616 MSOE_MID_WRONG_CASE NO_RELAYS
email_617 RCVD_IN_BRBL_LASTEXT
email_618 URG_BIZ
email_619 HTML_IMAGE_ONLY_28
email_620 TVD_PH_BODY_ACCOUNTS_PRE BILLION_DOLLARS
email_621 HTML_SHORT_LINK_IMG_2
email_622 HELO_LOCALHOST
email_623 SUSPICIOUS_RECIPS
email_624 HTML_IMAGE_ONLY_24
email_625 FH_HOST_IN_ADDRARPA MORE_SEX
email_626 URG_BIZ
email_627 HTML_IMAGE_ONLY_04 RCVD_IN_NJABL_SPAM
email_628 RCVD_DOUBLE_IP_LOOSE RCVD_IN_NJABL_SPAM
email_629 FORGED_MUA_IMS
email_630 HTML_OBFUSCATE_05_10 NO_RELAYS
email_631 FRT_ADOBE2 BAYES_80
email_632 USER_IN_DEF_WHITELIST BUG6152_INVALID_DATE_TZ_ABSURD
email_633 SUBJ_ILLEGAL_CHARS DEAR_EMAIL
email_634 HTML_NONELEMENT_30_40 URIBL_GREY
email_635 LOTTO_AGENT KAM_LOTTO1
email_636 HTML_IMAGE_ONLY_16
email_637 FUZZY_XPILL
email_638 HTML_IMAGE_ONLY_08
email_639 FM_SUBJ_APPROVE FS_START_DOYOU2
email_640 T_FILL_THIS_FORM RATWARE_MS_HASH
email_641 RCVD_IN_NJABL_RELAY DRUGS_ERECTILE
email_642 FORGED_OUTLOOK_TAGS RCVD_IN_DNSWL_LOW
email_643 FB_SAVE_PERSC FREEMAIL_FORGED_REPLYTO
email_644 HTTP_EXCESSIVE_ESCAPES XMAILER_MIMEOLE_OL_3AC1D
email_645 MISSING_HEADERS
email_646 SPF_PASS
email_647 DRUGS_DIET
email_648 MIME_HTML_MOSTLY
email_649 SPF_PASS FM_LOTTO_YOU_WON
email_650 HTML_IMAGE_RATIO_04 RCVD_IN_NJABL_RELAY
email_651 FS_ABIGGER SPOOF_COM2COM
email_652 FM_SCHOOL_DIPLOMA
email_653 RCVD_NUMERIC_HELO SUBJ_ALL_CAPS
email_654 UNPARSEABLE_RELAY
email_655 NORMAL_HTTP_TO_IP
email_656 RCVD_IN_DNSWL_NONE NO_RECEIVED
email_657 FM_SCHOOLING DATE_IN_FUTURE_24_48
email_658 IP_LINK_PLUS FREEMAIL_REPLYTO_END_DIGIT
email_659 MONEY_FROM_MISSP BAYES_00
email_660 NO_RDNS_DOTCOM_HELO RCVD_IN_DNSWL_HI
email_661 BAYES_40 RCVD_IN_NJABL_SPAM
email_662 TVD_SUBJ_ACC_NUM
email_663 FS_NUDE
email_664 HTML_IMAGE_ONLY_04
email_665 DRUG_ED_ONLINE
email_666 TVD_SPACE_RATIO BAYES_40
email_667 HTML_IMAGE_ONLY_04 HTML_OBFUSCATE_05_10
email_668 FREEMAIL_FROM DATE_IN_FUTURE_03_06
email_669 FB_SPACED_FREE
email_670 DOS_OE_TO_MX_IMAGE
email_671 NO_HEADERS_MESSAGE FS_WEIGHT_LOSS
email_672 BASE64_LENGTH_79_INF MSGID_OUTLOOK_INVALID
email_673 FUZZY_PHARMACY FORGED_MUA_EUDORA
email_674 HTML_FONT_LOW_CONTRAST
email_675 FORGED_TELESP_RCVD DATE_IN_FUTURE_03_06
email_676 BASE64_LENGTH_79_INF
email_677 RATWARE_OUTLOOK_NONAME HK_NAME_DRUGS
email_678 DATE_IN_FUTURE_48_96 TVD_RCVD_IP
email_679 MIME_HTML_ONLY_MULTI HTML_SHORT_LINK_IMG_1
email_680 HELO_NO_DOMAIN MIME_HTML_ONLY_MULTI
email_681 SUBJ_ILLEGAL_CHARS FB_SPACED_FREE
email_682 FROM_BLANK_NAME
email_683 FORGED_TELESP_RCVD FR_TITLE_NUMS
email_684 FROM_LOCAL_HEX
email_685 DATE_IN_FUTURE_12_24 FRT_DIPLOMA
email_686 TWO_IPS_RCVD
email_687 FRT_SOMA
email_688 ANY_BOUNCE_MESSAGE
email_689 FORGED_OUTLOOK_TAGS FS_START_LOSE
email_690 DATE_IN_PAST_96_XX URIBL_JP_SURBL
email_691 RCVD_IN_NJABL_RELAY PART_CID_STOCK_LESS
email_692 NO_DNS_FOR_FROM EXTRA_MPART_TYPE
email_693 T_FILL_THIS_FORM
email_694 T_FILL_THIS_FORM_SHORT
