email_0 HTML_OBFUSCATE_10_20 FREEMAIL_REPLYTO RCVD_IN_SORBS_DUL
email_1 FH_FROMEML_NOTLD HELO_NO_DOMAIN DRUG_ED_ONLINE
email_2 DATE_IN_PAST_03_06 BANG_GUAR
email_3 EXCUSE_4 UNCLAIMED_MONEY HTML_FONT_FACE_BAD FREEMAIL_FORGED_REPLYTO DYN_RDNS_AND_INLINE_IMAGE S25R_6
email_4 REPTO_QUOTE_YAHOO FREEMAIL_ENVFROM_END_DIGIT REPTO_QUOTE_YAHOO FM_SCHOOLING FS_LARGE_PERCENT2
email_5 SPF_PASS REPLYTO_WITHOUT_TO_CC DATE_IN_PAST_12_24
email_6 HTML_EMBEDS FS_WEIGHT_LOSS FROM_MISSP_DYNIP
email_7 RCVD_IN_PBL FUZZY_PHARMACY DOS_OE_TO_MX FH_HOST_EQ_PACBELL_D HK_RANDOM_ENVFROM T_FILL_THIS_FORM FREEMAIL_FORGED_REPLYTO
email_8 BUG6152_INVALID_DATE_TZ_ABSURD RCVD_IN_BRBL_LASTEXT DOS_OE_TO_MX FILL_THIS_FORM_LONG
email_9 MONEY_BACK DNS_FROM_RFC_BOGUSMX DRUGS_ERECTILE FUZZY_PHARMACY RCVD_IN_IADB_DOPTIN_LT50
email_10 RCVD_FAKE_HELO_DOTCOM HTML_OBFUSCATE_10_20 INVALID_MSGID HEADER_SPAM MIME_QP_LONG_LINE RCVD_IN_NJABL_SPAM
email_11 BAD_CREDIT FSL_HELO_BARE_IP_1 MSGID_SPAM_CAPS TVD_FW_GRAPHIC_NAME_LONG FORGED_TELESP_RCVD
email_12 FS_REPLICA RCVD_IN_NJABL_PROXY MSOE_MID_WRONG_CASE RCVD_IN_SBL HTML_EXTRA_CLOSE FORGED_YAHOO_RCVD HELO_LOCALHOST
email_13 DRUG_ED_ONLINE RCVD_IN_PBL FH_FROMEML_NOTLD
email_14 WEIRD_PORT EXCUSE_4 MIME_HTML_ONLY
email_15 HTML_IMAGE_ONLY_28 HTML_IMAGE_ONLY_04
email_16 FH_FROM_CASH REPTO_QUOTE_YAHOO
email_17 FM_SCHOOLING FUZZY_MILLION MIME_HTML_ONLY
email_18 XMAILER_MIMEOLE_OL_3AC1D FUZZY_PHARMACY TWO_IPS_RCVD DOS_OE_TO_MX_IMAGE HTML_SHORT_LINK_IMG_3 HK_RANDOM_ENVFROM
email_19 RCVD_IN_DNSWL_HI TVD_RCVD_IP4 HS_INDEX_PARAM FROM_MISSP_DYNIP FORGED_MUA_IMS GUARANTEED_100_PERCENT MILLION_USD
email_20 US_DOLLARS_3 VBOUNCE_MESSAGE FUZZY_CREDIT
email_21 FS_LARGE_PERCENT2 MSOE_MID_WRONG_CASE FORGED_MUA_EUDORA FM_SCHOOL_DIPLOMA
email_22 DATE_IN_FUTURE_24_48 FS_REPLICA BODY_ENHANCEMENT2 HK_RANDOM_ENVFROM MSGID_SHORT USER_IN_DEF_SPF_WL FREEMAIL_FROM
email_23 HK_RANDOM_ENVFROM TO_NO_BRKTS_DYNIP DEAR_EMAIL FM_SCHOOLING
email_24 IMPOTENCE TWO_IPS_RCVD UNRESOLVED_TEMPLATE MPART_ALT_DIFF_COUNT HTML_IMAGE_RATIO_06 FIN_FREE
email_25 FROM_LOCAL_DIGITS LOW_PRICE FB_SAVE_PERSC
email_26 APOSTROPHE_FROM MSGID_FROM_MTA_HEADER MIME_QP_LONG_LINE FS_WEIGHT_LOSS FILL_THIS_FORM_FRAUD_PHISH DATE_IN_FUTURE_12_24 HTML_IMAGE_ONLY_04
email_27 FROM_LOCAL_DIGITS MISSING_MIMEOLE DRUG_ED_CAPS MIME_HTML_ONLY FB_INCREASE_YOUR
email_28 WEIRD_PORT SUBJ_ALL_CAPS RCVD_IN_DNSWL_HI FH_HELO_EQ_D_D_D_D
email_29 TVD_SPACE_RATIO URIBL_JP_SURBL MSOE_MID_WRONG_CASE
email_30 TVD_APPROVED HELO_NO_DOMAIN RCVD_IN_SORBS_WEB PERCENT_RANDOM FROM_MISSP_FREEMAIL UNPARSEABLE_RELAY
email_31 MIME_BASE64_TEXT RCVD_IN_NJABL_PROXY FROM_OFFERS HEADER_SPAM GUARANTEED_100_PERCENT
email_32 FROM_LOCAL_NOVOWEL SPF_SOFTFAIL
email_33 TVD_RCVD_SINGLE FH_HOST_IN_ADDRARPA MORE_SEX
email_34 FORGED_MUA_IMS ENV_AND_HDR_SPF_MATCH DRUGS_DIET BUG6152_INVALID_DATE_TZ_ABSURD URG_BIZ MARKETING_PARTNERS HTML_OBFUSCATE_05_10
email_35 FUZZY_XPILL LOW_PRICE URIBL_JP_SURBL MPART_ALT_DIFF_COUNT RCVD_NUMERIC_HELO FB_SPACED_FREE FH_DATE_IS_19XX
email_36 MPART_ALT_DIFF_COUNT FROM_EXCESS_BASE64 BAYES_40
email_37 HTML_IMAGE_ONLY_20 DEAR_EMAIL FORGED_OUTLOOK_HTML URIBL_SBL URIBL_BLACK SUBJECT_NEEDS_ENCODING ANY_BOUNCE_MESSAGE
email_38 UPPERCASE_50_75 FH_DATE_IS_19XX FB_NO_SCRIP_NEEDED MIME_QP_LONG_LINE INVALID_DATE_TZ_ABSURD WEIRD_PORT
email_39 RCVD_IN_DNSWL_HI HTML_FONT_SIZE_LARGE FB_LOSE_WEIGHT_CAP MISSING_MIME_HB_SEP
email_40 FROM_MISSP_MSFT MSGID_RANDY FROM_BLANK_NAME HK_NAME_DRUGS FILL_THIS_FORM_LOAN URIBL_GREY RCVD_IN_SBL
email_41 FIN_FREE TVD_SUBJ_WIPE_DEBT DRUG_ED_ONLINE
email_42 PERCENT_RANDOM FROM_BLANK_NAME REPLYTO_WITHOUT_TO_CC HK_LOTTO FRT_SOMA
email_43 TVD_PH_SUBJ_URGENT RCVD_IN_SORBS_WEB FREEMAIL_REPLYTO_END_DIGIT PART_CID_STOCK_LESS LOTTO_AGENT HTTP_ESCAPED_HOST HK_LOTTO
email_44 EXCUSE_4 TVD_APPROVED DRUGS_DIET RCVD_HELO_IP_MISMATCH URIBL_DBL_SPAM MIME_HTML_ONLY_MULTI RCVD_IN_NJABL_SPAM
email_45 RDNS_NONE FS_START_DOYOU2 SUBJ_AS_SEEN INVALID_MSGID CTYPE_001C_B
email_46 MSGID_FROM_MTA_HEADER FORGED_TELESP_RCVD FM_LOTTO_YOU_WON WEIRD_PORT
email_47 FS_START_LOSE HTML_IMAGE_ONLY_28 MSGID_OUTLOOK_INVALID HTML_EMBEDS FB_SAVE_PERSC HTML_EMBEDS TVD_INCREASE_SIZE
email_48 T_FILL_THIS_FORM_SHORT MSGID_OUTLOOK_INVALID RCVD_IN_IADB_DOPTIN_LT50 MARKETING_PARTNERS
email_49 NO_RELAYS MSGID_FROM_MTA_HEADER TVD_FW_GRAPHIC_NAME_MID FU_COMMON_SUBS2 MIME_BASE64_BLANKS MISSING_MID DNS_FROM_RFC_DSN
email_50 TVD_PH_BODY_ACCOUNTS_PRE HK_SCAM_N2 FORGED_MSGID_YAHOO T_KHOP_FOREIGN_CLICK BUG6152_INVALID_DATE_TZ_ABSURD MORE_SEX BAYES_99
email_51 INVALID_DATE_TZ_ABSURD FM_SUBJ_APPROVE
email_52 MISSING_MIMEOLE HK_NAME_FREE FORGED_TELESP_RCVD URG_BIZ REPLYTO_WITHOUT_TO_CC
email_53 IMPOTENCE FROM_MISSP_MSFT
email_54 VBOUNCE_MESSAGE RCVD_IN_DNSWL_NONE HTML_FONT_LOW_CONTRAST HS_INDEX_PARAM RCVD_IN_NJABL_SPAM HTML_TAG_BALANCE_BODY
email_55 URIBL_BLACK HELO_NO_DOMAIN
email_56 FAKE_HELO_MAIL_COM_DOM INVALID_DATE MILLION_USD MORE_SEX HTML_TAG_BALANCE_HEAD DRUGS_ERECTILE OBFUSCATING_COMMENT
email_57 SANE_91 FH_FROMEML_NOTLD TVD_RCVD_IP4 TVD_SUBJ_ACC_NUM HTML_SHORT_CENTER FROM_MISSP_MSFT HTML_IMAGE_ONLY_12
email_58 BODY_ENHANCEMENT2 SUBJ_ALL_CAPS
email_59 FREEMAIL_FROM MISSING_MID ENGLISH_UCE_SUBJECT HTML_IMAGE_ONLY_32
email_60 DNS_FROM_RFC_DSN DATE_IN_PAST_24_48 HTML_EXTRA_CLOSE FB_GET_MEDS FORGED_MUA_MOZILLA REPLYTO_WITHOUT_TO_CC MONEY_BACK
email_61 ALL_TRUSTED MIME_HTML_ONLY
email_62 HTML_IMAGE_ONLY_04 PLING_QUERY HTML_FONT_SIZE_HUGE HTML_SHORT_LINK_IMG_2 KAM_LOTTO1 RCVD_IN_IADB_DOPTIN_LT50 FREEMAIL_FORGED_REPLYTO
email_63 FILL_THIS_FORM_LOAN FREEMAIL_REPLYTO SPF_PASS FB_LOSE_WEIGHT_CAP RATWARE_OUTLOOK_NONAME TVD_RCVD_IP4
email_64 HTML_OBFUSCATE_05_10 ANY_BOUNCE_MESSAGE DEAR_SOMETHING MIME_HTML_ONLY RCVD_IN_DNSWL_MED FH_HELO_EQ_D_D_D_D FUZZY_MILLION
email_65 FS_START_LOSE DYN_RDNS_SHORT_HELO_HTML FS_START_DOYOU2 RCVD_IN_IADB_LISTED FREEMAIL_REPLY URIBL_SBL LOCALPART_IN_SUBJECT
email_66 DRUGS_ERECTILE CTYPE_001C_B USER_IN_DEF_WHITELIST HK_NAME_FREE
email_67 BANG_GUAR NO_PRESCRIPTION UPPERCASE_50_75 FRT_DIPLOMA URIBL_BLACK HTML_OBFUSCATE_05_10 HTML_SHORT_CENTER
email_68 FREEMAIL_REPLYTO_END_DIGIT MORE_SEX UPPERCASE_75_100 DOS_OE_TO_MX_IMAGE DATE_IN_FUTURE_12_24
email_69 HTML_SHORT_LINK_IMG_1 MSGID_OUTLOOK_INVALID MILLION_USD ENV_AND_HDR_SPF_MATCH RCVD_DOUBLE_IP_LOOSE HTML_IMAGE_RATIO_02
email_70 TWO_IPS_RCVD EXCUSE_24 DATE_IN_FUTURE_48_96 HTML_EMBEDS FORGED_MUA_OIMO MARKETING_PARTNERS
email_71 DATE_IN_PAST_12_24 UNRESOLVED_TEMPLATE URI_HEX SUBJ_AS_SEEN FORGED_MUA_THEBAT_BOUN
email_72 MSGID_MULTIPLE_AT BASE64_LENGTH_78_79 FORGED_MUA_MOZILLA HTML_IMAGE_ONLY_28 REPTO_QUOTE_YAHOO
email_73 HTML_IMAGE_RATIO_04 HTML_OBFUSCATE_10_20
email_74 FSL_HELO_BARE_IP_1 DOS_HIGHBIT_HDRS_BODY
email_75 FR_TITLE_NUMS BANKING_LAWS SUBJ_DOLLARS BAYES_40 TVD_FW_GRAPHIC_NAME_LONG FROM_NO_USER
email_76 MIME_QP_LONG_LINE TVD_APPROVED DNS_FROM_RFC_DSN
email_77 FB_GVR HTML_TITLE_SUBJ_DIFF REPTO_QUOTE_YAHOO BAYES_95
email_78 FREEMAIL_FORGED_REPLYTO FS_START_DOYOU2 HTML_IMAGE_RATIO_04 T_MIME_NO_TEXT RCVD_FAKE_HELO_DOTCOM DEAR_EMAIL
email_79 FH_FROM_CASH ADVANCE_FEE_3 HK_NAME_FREE FS_REPLICA FH_FROM_CASH
email_80 FS_START_LOSE RCVD_IN_NJABL_PROXY HTML_IMAGE_ONLY_24 SPF_PASS TVD_RCVD_IP FORGED_MUA_THEBAT_BOUN DOS_HIGHBIT_HDRS_BODY
email_81 TVD_RCVD_IP FILL_THIS_FORM_FRAUD_PHISH HTML_IMAGE_RATIO_02 HK_SCAM_N2 FRT_SOMA2
email_82 SUBJ_BUY MISSING_MID NO_DNS_FOR_FROM
email_83 DATE_IN_FUTURE_24_48 BAYES_05 BANG_GUAR DYN_RDNS_AND_INLINE_IMAGE HK_LOTTO FB_SAVE_PERSC BASE64_LENGTH_78_79
email_84 EXCUSE_4 EXCUSE_REMOVE HTML_IMAGE_ONLY_04 WEIRD_QUOTING
email_85 RCVD_IN_SORBS_WEB SPF_HELO_SOFTFAIL HTML_FONT_FACE_BAD RCVD_IN_SORBS_WEB URIBL_WS_SURBL
email_86 FORGED_HOTMAIL_RCVD2 DATE_IN_FUTURE_06_12 RDNS_DYNAMIC S25R_6
email_87 HTTP_EXCESSIVE_ESCAPES FILL_THIS_FORM_FRAUD_PHISH URIBL_GREY BODY_ENHANCEMENT2 HTML_IMAGE_RATIO_08 IP_LINK_PLUS
email_88 DATE_IN_FUTURE_24_48 SUBJ_ALL_CAPS SUBJ_BUY HTML_MESSAGE MPART_ALT_DIFF_COUNT
email_89 MPART_ALT_DIFF CTYPE_001C_B
email_90 MISSING_MIMEOLE TO_NO_BRKTS_DYNIP FREEMAIL_FROM USER_IN_DEF_SPF_WL DATE_IN_PAST_12_24 MIME_HTML_ONLY_MULTI
email_91 DATE_IN_PAST_24_48 NO_PRESCRIPTION
email_92 HTML_TAG_BALANCE_HEAD NO_RECEIVED TVD_RCVD_IP WEIRD_QUOTING MILLION_USD DRUG_ED_SILD
email_93 T_KHOP_FOREIGN_CLICK US_DOLLARS_3 HK_SCAM_N2 FREEMAIL_REPLY SANE_91 FROM_LOCAL_HEX RDNS_NONE
email_94 ONE_TIME MISSING_MID DYN_RDNS_AND_INLINE_IMAGE
email_95 HTML_IMAGE_RATIO_04 APOSTROPHE_FROM NO_RECEIVED RCVD_FAKE_HELO_DOTCOM FM_SCHOOLING FUZZY_XPILL
email_96 EXCUSE_REMOVE HELO_OEM FB_INCREASE_YOUR HTML_OBFUSCATE_10_20
email_97 NO_RECEIVED RCVD_IN_NJABL_SPAM FUZZY_CREDIT
email_98 FUZZY_VPILL RATWARE_MS_HASH MILLION_USD TVD_SUBJ_WIPE_DEBT FROM_EXCESS_BASE64 FROM_MISSP_DYNIP ADVANCE_FEE_2
email_99 PLING_QUERY USER_IN_DEF_WHITELIST UNPARSEABLE_RELAY DYN_RDNS_AND_INLINE_IMAGE TVD_PH_BODY_ACCOUNTS_PRE DIET_1 HTML_SHORT_LINK_IMG_3
email_100 MISSING_DATE URIBL_BLACK BAYES_95 FB_GET_MEDS
email_101 FORGED_MUA_OIMO LOW_PRICE
email_102 FB_LOSE_WEIGHT_CAP SUBJ_BUY
email_103 HTML_IMAGE_ONLY_24 FM_SCHOOLING NORMAL_HTTP_TO_IP RATWARE_EGROUPS RCVD_IN_SORBS_DUL BANKING_LAWS
email_104 HTML_IMAGE_ONLY_04 DATE_IN_PAST_12_24
email_105 DATE_IN_FUTURE_24_48 FB_LOSE_WEIGHT_CAP RCVD_IN_RP_RNBL MISSING_DATE
email_106 TVD_RCVD_IP SHORT_HELO_AND_INLINE_IMAGE FSL_HELO_NON_FQDN_1 UPPERCASE_50_75
email_107 RDNS_NONE FROM_STARTS_WITH_NUMS ENGLISH_UCE_SUBJECT DRUG_ED_CAPS FR_TITLE_NUMS FORGED_TELESP_RCVD SUBJ_AS_SEEN
email_108 HTML_FONT_LOW_CONTRAST BAYES_05 FB_LOSE_WEIGHT_CAP
email_109 FORGED_OUTLOOK_TAGS ADVANCE_FEE_2 FORGED_MUA_MOZILLA RCVD_IN_DNSWL_NONE HTML_EMBEDS PLING_QUERY
email_110 TVD_FW_GRAPHIC_NAME_MID DEAR_EMAIL INVALID_MSGID HTML_IMAGE_RATIO_08 APOSTROPHE_FROM SPF_HELO_NEUTRAL TVD_INCREASE_SIZE
email_111 BAYES_95 BASE64_LENGTH_78_79 FR_TITLE_NUMS UNPARSEABLE_RELAY
email_112 HTTP_EXCESSIVE_ESCAPES URIBL_SBL
email_113 SPF_HELO_PASS DYN_RDNS_SHORT_HELO_HTML BODY_ENHANCEMENT2 NO_RELAYS BAYES_20 NUMERIC_HTTP_ADDR
email_114 FORGED_OUTLOOK_TAGS ENGLISH_UCE_SUBJECT REPTO_QUOTE_YAHOO DNS_FROM_RFC_DSN TVD_RCVD_SINGLE
email_115 RCVD_FAKE_HELO_DOTCOM FSL_HELO_NON_FQDN_1
email_116 TVD_APPROVED FS_WEIGHT_LOSS MANY_SPAN_IN_TEXT RCVD_DOUBLE_IP_LOOSE
email_117 NORMAL_HTTP_TO_IP MIME_HTML_ONLY_MULTI FB_GVR HS_INDEX_PARAM FUZZY_VPILL HTML_IMAGE_ONLY_32
email_118 FB_GVR DEAR_EMAIL SPF_FAIL DEAR_SOMETHING MISSING_MIME_HB_SEP
email_119 UNPARSEABLE_RELAY RATWARE_MS_HASH
email_120 FREEMAIL_FROM DATE_IN_FUTURE_12_24 BASE64_LENGTH_78_79
email_121 DRUGS_ERECTILE TVD_SPACE_RATIO FUZZY_PHENT FS_LARGE_PERCENT2 FUZZY_PHENT NORMAL_HTTP_TO_IP HS_INDEX_PARAM
email_122 RCVD_FAKE_HELO_DOTCOM DOS_OUTLOOK_TO_MX RCVD_IN_NJABL_PROXY
email_123 DOS_HIGHBIT_HDRS_BODY TWO_IPS_RCVD REPTO_QUOTE_YAHOO FROM_LOCAL_HEX TVD_RCVD_SINGLE FREEMAIL_FROM TVD_VISIT_PHARMA
email_124 ADVANCE_FEE_2 RCVD_IN_SORBS_WEB NO_RELAYS SPOOF_COM2COM DATE_IN_PAST_12_24
email_125 SPF_HELO_PASS FH_FROMEML_NOTLD SHORT_HELO_AND_INLINE_IMAGE FREEMAIL_REPLYTO
email_126 SPF_HELO_PASS RCVD_IN_NJABL_RELAY RCVD_IN_BRBL_LASTEXT REPLYTO_WITHOUT_TO_CC SPF_NEUTRAL
email_127 PERCENT_RANDOM SUBJ_YOUR_DEBT SUBJECT_DIET DATE_IN_FUTURE_06_12
email_128 BODY_ENHANCEMENT SPF_HELO_SOFTFAIL FB_INCREASE_YOUR
email_129 HTML_FONT_LOW_CONTRAST T_LOTS_OF_MONEY FORGED_MUA_EUDORA TVD_RCVD_IP4
email_130 HTML_IMAGE_RATIO_02 FB_LOSE_WEIGHT_CAP MISSING_SUBJECT FROM_ILLEGAL_CHARS FH_DATE_IS_19XX FORGED_TELESP_RCVD
email_131 URI_HEX FROM_MISSP_FREEMAIL FRT_SOMA FREEMAIL_REPLYTO_END_DIGIT FILL_THIS_FORM_LOAN
email_132 DRUGS_ANXIETY TVD_PH_BODY_ACCOUNTS_PRE SUSPICIOUS_RECIPS MSGID_FROM_MTA_HEADER BAYES_05
email_133 BODY_ENHANCEMENT2 EXTRA_MPART_TYPE HTML_SHORT_LINK_IMG_2 DRUGS_ERECTILE
email_134 BAYES_40 MIME_BASE64_TEXT
email_135 DATE_IN_FUTURE_24_48 MARKETING_PARTNERS HTML_SHORT_LINK_IMG_1
email_136 RCVD_IN_PBL FORGED_MSGID_YAHOO
email_137 FORGED_MSGID_YAHOO RCVD_IN_SBL FREE_QUOTE_INSTANT DOS_OE_TO_MX HIDE_WIN_STATUS
email_138 RCVD_IN_BRBL_LASTEXT FH_FROMEML_NOTLD NUMERIC_HTTP_ADDR
email_139 HTML_EMBEDS TVD_PH_SUBJ_URGENT
email_140 FS_LARGE_PERCENT2 NO_HEADERS_MESSAGE DATE_IN_FUTURE_12_24 FS_REPLICA BAD_CREDIT TVD_PH_BODY_ACCOUNTS_PRE HS_INDEX_PARAM
email_141 NA_DOLLARS RCVD_IN_RP_RNBL FORGED_MUA_EUDORA BAYES_40 FRT_SOMA2 NUMERIC_HTTP_ADDR
email_142 MONEY_BACK NO_DNS_FOR_FROM
email_143 FB_GVR UNRESOLVED_TEMPLATE HTML_SHORT_CENTER FILL_THIS_FORM_FRAUD_PHISH MPART_ALT_DIFF_COUNT RCVD_IN_DNSWL_MED
email_144 SPF_HELO_NEUTRAL SANE_91 ADVANCE_FEE_3 EXTRA_MPART_TYPE FB_LOSE_WEIGHT_CAP HTML_EMBEDS
email_145 FS_NUDE FIN_FREE
email_146 APOSTROPHE_FROM HK_NAME_DRUGS DATE_IN_FUTURE_03_06
email_147 SUBJ_DOLLARS HTML_FONT_LOW_CONTRAST FREEMAIL_ENVFROM_END_DIGIT RCVD_IN_DNSWL_MED T_FILL_THIS_FORM DATE_IN_PAST_24_48
email_148 IP_LINK_PLUS EXTRA_MPART_TYPE FORGED_HOTMAIL_RCVD2 FORGED_YAHOO_RCVD FRT_ADOBE2 FREEMAIL_FROM
email_149 FR_TITLE_NUMS HTML_IMAGE_ONLY_32 LOTTO_AGENT TVD_RCVD_SINGLE
email_150 HTML_FONT_SIZE_HUGE SUSPICIOUS_RECIPS FORGED_MUA_THEBAT_BOUN TVD_RCVD_SINGLE MPART_ALT_DIFF_COUNT DRUGS_MUSCLE FREEMAIL_ENVFROM_END_DIGIT
email_151 REPTO_QUOTE_YAHOO HS_INDEX_PARAM HTML_NONELEMENT_30_40
email_152 T_KHOP_FOREIGN_CLICK URIBL_DBL_SPAM HTML_COMMENT_SAVED_URL RCVD_IN_SBL T_FILL_THIS_FORM
email_153 BAYES_60 APOSTROPHE_FROM TVD_SPACE_RATIO MISSING_HEADERS NO_HEADERS_MESSAGE SPF_HELO_NEUTRAL
email_154 FORGED_TELESP_RCVD FS_START_DOYOU2 DATE_IN_PAST_24_48 HTML_IMAGE_RATIO_08 TVD_SPACE_RATIO HEADER_SPAM
email_155 KAM_LOTTO1 FROM_NO_USER HTML_IMAGE_ONLY_04 FORGED_MUA_OUTLOOK
email_156 DOS_OE_TO_MX DOS_OE_TO_MX_IMAGE
email_157 FAKE_REPLY_C SUBJ_ALL_CAPS URIBL_JP_SURBL MPART_ALT_DIFF_COUNT URIBL_DBL_SPAM RATWARE_EFROM RCVD_FAKE_HELO_DOTCOM
email_158 RCVD_IN_RP_RNBL SPF_HELO_FAIL MARKETING_PARTNERS MIME_HTML_ONLY RCVD_IN_DNSWL_LOW HTML_EXTRA_CLOSE
email_159 HTML_OBFUSCATE_05_10 EXCUSE_4 WEIRD_PORT
email_160 NO_DNS_FOR_FROM FUZZY_XPILL MISSING_MIMEOLE T_MIME_NO_TEXT INVALID_DATE DEAR_EMAIL HTML_IMAGE_RATIO_04
email_161 GAPPY_SUBJECT FUZZY_XPILL TVD_RCVD_IP RATWARE_MS_HASH ADVANCE_FEE_3 DRUGS_ERECTILE FRT_BIGGERMEM1
email_162 RDNS_NONE FM_LOTTO_YOU_WON BAD_CREDIT FORGED_TELESP_RCVD FORGED_MUA_IMS FORGED_MUA_OIMO
email_163 NA_DOLLARS SPF_HELO_FAIL FH_HELO_EQ_D_D_D_D DATE_IN_PAST_24_48 HTML_FONT_SIZE_HUGE SPF_HELO_SOFTFAIL
email_164 T_KHOP_FOREIGN_CLICK MIME_HTML_ONLY FSL_HELO_NON_FQDN_1 WEIRD_QUOTING
email_165 MORE_SEX RATWARE_EGROUPS URIBL_GREY EXCUSE_4 DOS_OUTLOOK_TO_MX DYN_RDNS_AND_INLINE_IMAGE
email_166 T_LOTS_OF_MONEY LOCALPART_IN_SUBJECT BANKING_LAWS
email_167 FH_HELO_EQ_D_D_D_D PLING_QUERY RCVD_FAKE_HELO_DOTCOM MSGID_FROM_MTA_HEADER
email_168 URI_NOVOWEL FRT_BIGGERMEM1 TVD_RCVD_IP FORGED_MUA_OUTLOOK FS_LARGE_PERCENT2
email_169 RDNS_NONE SANE_91 DRUGS_MUSCLE MPART_ALT_DIFF FREEMAIL_FROM
email_170 MISSING_HEADERS HTML_IMAGE_ONLY_20 TVD_SUBJ_ACC_NUM URI_HEX HTML_OBFUSCATE_10_20 DNS_FROM_RFC_BOGUSMX EXCUSE_24
email_171 MIME_QP_LONG_LINE NO_HEADERS_MESSAGE TVD_APPROVED ALL_TRUSTED RCVD_IN_IADB_LISTED
email_172 SUBJ_YOUR_FAMILY RATWARE_EFROM T_KHOP_FOREIGN_CLICK
email_173 HTML_FONT_SIZE_HUGE FROM_MISSP_FREEMAIL
email_174 SUBJ_ALL_CAPS RCVD_IN_SBL MISSING_MIMEOLE
email_175 FSL_HELO_BARE_IP_1 URIBL_JP_SURBL FROM_LOCAL_HEX SUBJECT_DRUG_GAP_C RCVD_IN_DNSWL_LOW TRACKER_ID MPART_ALT_DIFF
email_176 DRUG_ED_CAPS FUZZY_XPILL T_FILL_THIS_FORM UPPERCASE_75_100 FROM_MISSP_MSFT
email_177 MISSING_DATE FSL_HELO_NON_FQDN_1 DYN_RDNS_SHORT_HELO_HTML FROM_EXCESS_BASE64 TRACKER_ID NO_HEADERS_MESSAGE RCVD_IN_RP_RNBL
email_178 FROM_OFFERS FROM_MISSP_MSFT DRUGS_DIET SHORT_TERM_PRICE FUZZY_XPILL TVD_PH_SUBJ_URGENT SPF_HELO_PASS
email_179 TVD_SUBJ_ACC_NUM TVD_PH_BODY_ACCOUNTS_PRE MARKETING_PARTNERS FORGED_MUA_EUDORA WEIRD_QUOTING
email_180 FH_DATE_IS_19XX TO_NO_BRKTS_DYNIP HTML_SHORT_LINK_IMG_1 FROM_LOCAL_DIGITS
email_181 BAYES_05 NO_DNS_FOR_FROM FU_COMMON_SUBS2 EXCUSE_24 URI_HEX URI_NOVOWEL
email_182 HTML_IMAGE_RATIO_06 FROM_LOCAL_NOVOWEL MORE_SEX TVD_SUBJ_ACC_NUM
email_183 FREEMAIL_REPLYTO NUMERIC_HTTP_ADDR FORGED_OUTLOOK_HTML FM_SCHOOL_DIPLOMA RCVD_IN_IADB_DOPTIN_LT50 DATE_IN_FUTURE_96_XX IP_LINK_PLUS
email_184 KAM_LOTTO1 HTML_SHORT_CENTER
email_185 FH_HOST_IN_ADDRARPA FRT_DIPLOMA
email_186 FROM_LOCAL_DIGITS SHORT_TERM_PRICE BAYES_05
email_187 HTML_COMMENT_SAVED_URL NO_RDNS_DOTCOM_HELO UNPARSEABLE_RELAY UPPERCASE_75_100 DRUGS_MUSCLE CTYPE_001C_B
email_188 RATWARE_MS_HASH FUZZY_CREDIT SUBJECT_NEEDS_ENCODING NA_DOLLARS FROM_EXCESS_BASE64 FROM_LOCAL_DIGITS EXCUSE_24
email_189 FS_NUDE EXTRA_MPART_TYPE
email_190 TVD_PH_SUBJ_URGENT FS_REPLICA
email_191 UNCLAIMED_MONEY MILLION_USD T_FROM_MISSPACED FUZZY_MILLION FORGED_HOTMAIL_RCVD2 HK_NAME_DRUGS
email_192 URIBL_DBL_SPAM FROM_MISSP_DYNIP RCVD_DOUBLE_IP_LOOSE BAYES_00 SPF_HELO_SOFTFAIL FROM_MISSP_DYNIP FORGED_MUA_EUDORA
email_193 T_FROM_MISSPACED TVD_RCVD_IP4 FROM_LOCAL_HEX SHORT_TERM_PRICE UPPERCASE_75_100 URIBL_SBL SPF_NEUTRAL
email_194 UNCLAIMED_MONEY HK_RANDOM_ENVFROM FH_FROM_CASH
email_195 FUZZY_MILLION FM_SUBJ_APPROVE RATWARE_EFROM DEAR_EMAIL
email_196 MISSING_SUBJECT SUBJ_YOUR_FAMILY RCVD_IN_DNSWL_NONE PLING_QUERY TVD_RCVD_IP4 DEAR_SOMETHING T_FILL_THIS_FORM_SHORT
email_197 RCVD_IN_NJABL_SPAM TVD_RCVD_IP4 MIME_QP_LONG_LINE ADVANCE_FEE_4 BODY_ENHANCEMENT2
email_198 MONEY_FROM_MISSP BASE64_LENGTH_78_79 HTML_IMAGE_ONLY_08 TVD_PH_BODY_ACCOUNTS_PRE T_FILL_THIS_FORM_SHORT MSGID_FROM_MTA_HEADER RCVD_IN_NJABL_RELAY
email_199 IMPOTENCE FS_NUDE HTML_EMBEDS DNS_FROM_RFC_BOGUSMX MIME_HTML_MOSTLY S25R_6
email_200 TVD_RCVD_IP4 SPF_HELO_FAIL
email_201 BAYES_95 SHORT_HELO_AND_INLINE_IMAGE MSOE_MID_WRONG_CASE SPF_SOFTFAIL FH_FROM_CASH BAD_CREDIT
email_202 ADVANCE_FEE_3 MILLION_USD FREE_QUOTE_INSTANT TVD_VISIT_PHARMA RCVD_IN_IADB_DOPTIN_LT50 FROM_STARTS_WITH_NUMS HELO_LOCALHOST
email_203 FAKE_HELO_MAIL_COM_DOM T_FROM_MISSPACED FROM_EXCESS_BASE64 HIDE_WIN_STATUS BAYES_20 FROM_MISSP_DYNIP
email_204 RCVD_IN_DNSWL_HI FB_SAVE_PERSC DATE_IN_FUTURE_06_12
email_205 SUSPICIOUS_RECIPS FREEMAIL_FROM RCVD_IN_BRBL_LASTEXT UPPERCASE_75_100 NO_HEADERS_MESSAGE NORMAL_HTTP_TO_IP
email_206 BAYES_20 DATE_IN_PAST_06_12 HTML_IMAGE_RATIO_08 FREEMAIL_ENVFROM_END_DIGIT
email_207 FB_GVR HTML_NONELEMENT_30_40
email_208 NA_DOLLARS FS_START_DOYOU2
email_209 FREEMAIL_FORGED_REPLYTO FORGED_MUA_THEBAT_BOUN NO_DNS_FOR_FROM NO_DNS_FOR_FROM SORTED_RECIPS TVD_SUBJ_ACC_NUM
email_210 FH_FROM_CASH TVD_VISIT_PHARMA SUBJECT_DRUG_GAP_C FRT_BIGGERMEM1 FM_SUBJ_APPROVE REPLYTO_WITHOUT_TO_CC
email_211 BAD_CREDIT RCVD_IN_DNSWL_LOW DRUGS_MUSCLE MISSING_MIMEOLE ONE_TIME
email_212 FILL_THIS_FORM_LONG DRUG_ED_CAPS
email_213 ONE_TIME NO_RELAYS FB_GVR HTML_EXTRA_CLOSE HTML_IMAGE_RATIO_08 T_FROM_MISSPACED HTML_COMMENT_SAVED_URL
email_214 MSGID_SPAM_CAPS MISSING_DATE RCVD_IN_DNSWL_LOW MARKETING_PARTNERS TO_MALFORMED FR_TITLE_NUMS
email_215 BODY_ENHANCEMENT2 FM_SCHOOLING FAKE_HELO_MAIL_COM_DOM SUBJ_DOLLARS BAYES_50
email_216 HK_NAME_FREE FB_NO_SCRIP_NEEDED HIDE_WIN_STATUS FM_SCHOOLING DOS_OE_TO_MX_IMAGE
email_217 HTML_IMAGE_ONLY_28 BUG6152_INVALID_DATE_TZ_ABSURD HELO_DYNAMIC_DHCP TWO_IPS_RCVD FROM_OFFERS SHORT_TERM_PRICE MIME_HTML_MOSTLY
email_218 HIDE_WIN_STATUS RATWARE_EGROUPS FH_FROM_CASH
email_219 FSL_HELO_NON_FQDN_1 HTML_MIME_NO_HTML_TAG FIN_FREE FREEMAIL_REPLY GAPPY_SUBJECT
email_220 FRT_SOMA2 HK_NAME_DRUGS FSL_HELO_NON_FQDN_1 MIME_HEADER_CTYPE_ONLY RDNS_NONE FROM_LOCAL_DIGITS
email_221 FB_LOSE_WEIGHT_CAP UPPERCASE_75_100 TVD_FW_GRAPHIC_NAME_LONG BAYES_05 SUBJ_BUY ALL_TRUSTED APOSTROPHE_FROM
email_222 HTML_FONT_LOW_CONTRAST DRUGS_DIET TVD_SUBJ_ACC_NUM FORGED_OUTLOOK_TAGS IP_LINK_PLUS FU_COMMON_SUBS2 SPF_HELO_SOFTFAIL
email_223 UNRESOLVED_TEMPLATE MISSING_MIME_HB_SEP HTML_FONT_FACE_BAD DRUG_ED_SILD
email_224 HTML_IMAGE_ONLY_08 FREEMAIL_ENVFROM_END_DIGIT KAM_LOTTO1 RDNS_DYNAMIC
email_225 HK_LOTTO FUZZY_MILLION
email_226 RCVD_IN_BRBL_LASTEXT FUZZY_PHARMACY SORTED_RECIPS FROM_LOCAL_NOVOWEL
email_227 NO_PRESCRIPTION GUARANTEED_100_PERCENT RCVD_HELO_IP_MISMATCH FORGED_OUTLOOK_TAGS
email_228 ADVANCE_FEE_2 RCVD_NUMERIC_HELO RCVD_HELO_IP_MISMATCH MPART_ALT_DIFF TO_NO_BRKTS_DYNIP ENV_AND_HDR_SPF_MATCH TVD_SPACE_RATIO
email_229 TO_NO_BRKTS_DYNIP HEADER_SPAM DOS_OUTLOOK_TO_MX FROM_OFFERS FS_START_DOYOU2 DRUGS_DIET TVD_RCVD_SINGLE
email_230 INVALID_DATE_TZ_ABSURD PERCENT_RANDOM EXCUSE_24
email_231 HK_NAME_DRUGS MIME_HTML_ONLY_MULTI FROM_MISSP_MSFT MONEY_FROM_MISSP BAYES_00 FAKE_REPLY_C
email_232 INVALID_DATE_TZ_ABSURD DRUGS_DIET SUBJ_ILLEGAL_CHARS DATE_IN_PAST_96_XX UNRESOLVED_TEMPLATE
email_233 BODY_ENHANCEMENT RATWARE_MS_HASH FB_NO_SCRIP_NEEDED TVD_RCVD_IP
email_234 RCVD_IN_IADB_DOPTIN_LT50 SUBJECT_DRUG_GAP_C RCVD_NUMERIC_HELO FRT_SOMA2
email_235 FM_SCHOOL_DIPLOMA SUBJ_ALL_CAPS FS_WEIGHT_LOSS VBOUNCE_MESSAGE EXCUSE_24 FORGED_MUA_IMS
email_236 SHORT_HELO_AND_INLINE_IMAGE FAKE_REPLY_C
email_237 FROM_EXCESS_BASE64 RCVD_IN_DNSWL_LOW UPPERCASE_75_100 HIDE_WIN_STATUS DEAR_EMAIL DYN_RDNS_SHORT_HELO_HTML MONEY_BACK
email_238 BILLION_DOLLARS FROM_LOCAL_NOVOWEL HTML_TAG_BALANCE_BODY SPF_HELO_NEUTRAL ENV_AND_HDR_SPF_MATCH SPF_FAIL
email_239 HTML_COMMENT_SAVED_URL HS_INDEX_PARAM MISSING_MID
email_240 USER_IN_DEF_WHITELIST HTML_IMAGE_ONLY_08 RCVD_IN_NJABL_PROXY SUBJECT_DRUG_GAP_C
email_241 URG_BIZ SUBJECT_DRUG_GAP_C HTML_IMAGE_RATIO_04 MIME_BASE64_TEXT T_FILL_THIS_FORM_SHORT DATE_IN_FUTURE_06_12
email_242 MIME_QP_LONG_LINE FROM_LOCAL_HEX
email_243 SUBJ_DOLLARS FB_SAVE_PERSC NO_PRESCRIPTION MIME_HTML_MOSTLY FM_SUBJ_APPROVE LOCALPART_IN_SUBJECT
email_244 FORGED_MUA_MOZILLA NO_DNS_FOR_FROM
email_245 HTML_IMAGE_ONLY_24 DATE_IN_FUTURE_06_12 EXCUSE_REMOVE
email_246 MPART_ALT_DIFF_COUNT FH_FROM_CASH MONEY_BACK BILLION_DOLLARS
email_247 FS_START_DOYOU2 MONEY_FROM_MISSP SANE_91 FAKE_HELO_MAIL_COM_DOM RCVD_IN_BRBL_LASTEXT RCVD_IN_SORBS_WEB
email_248 FUZZY_MILLION FILL_THIS_FORM_FRAUD_PHISH RCVD_IN_SBL FROM_MISSP_DYNIP SPOOF_COM2COM HTML_IMAGE_ONLY_16
email_249 MSGID_SHORT HK_LOTTO DNS_FROM_RFC_DSN TVD_SUBJ_ACC_NUM DATE_IN_PAST_96_XX
email_250 XMAILER_MIMEOLE_OL_3AC1D CTYPE_001C_B UNCLAIMED_MONEY BASE64_LENGTH_78_79 KAM_LOTTO1 MANY_SPAN_IN_TEXT
email_251 BAYES_40 EXCUSE_REMOVE
email_252 DYN_RDNS_AND_INLINE_IMAGE HTML_MIME_NO_HTML_TAG FS_REPLICA FROM_MISSP_DYNIP URIBL_GREY FUZZY_CREDIT
email_253 BAYES_05 FB_LOSE_WEIGHT_CAP URG_BIZ FUZZY_PHARMACY
email_254 FIN_FREE BILLION_DOLLARS HTML_OBFUSCATE_10_20 RCVD_IN_DNSWL_LOW MSGID_OUTLOOK_INVALID
email_255 FH_HELO_EQ_D_D_D_D IMPOTENCE TWO_IPS_RCVD MONEY_FROM_MISSP FH_HOST_IN_ADDRARPA
email_256 SPF_SOFTFAIL HTML_MIME_NO_HTML_TAG SPF_NEUTRAL FROM_ILLEGAL_CHARS HTML_OBFUSCATE_10_20 NORMAL_HTTP_TO_IP SUBJ_ILLEGAL_CHARS
email_257 HTML_OBFUSCATE_05_10 ONE_TIME T_FILL_THIS_FORM_SHORT
email_258 FORGED_MUA_MOZILLA RDNS_NONE FAKE_REPLY_C HTML_FONT_SIZE_HUGE DATE_IN_PAST_06_12
email_259 DYN_RDNS_SHORT_HELO_HTML LOCALPART_IN_SUBJECT HTML_NONELEMENT_30_40 FM_LOTTO_YOU_WON FORGED_MUA_IMS
email_260 BANG_GUAR MPART_ALT_DIFF_COUNT HEADER_SPAM FB_LOSE_WEIGHT_CAP FROM_STARTS_WITH_NUMS HTML_SHORT_CENTER
email_261 MSGID_SHORT TVD_FW_GRAPHIC_NAME_LONG
email_262 US_DOLLARS_3 FB_LOSE_WEIGHT_CAP
email_263 FB_GET_MEDS UNCLAIMED_MONEY XMAILER_MIMEOLE_OL_3AC1D INVALID_DATE_TZ_ABSURD HTML_NONELEMENT_30_40 HTML_SHORT_CENTER MSGID_OUTLOOK_INVALID
email_264 FM_SCHOOL_DIPLOMA SPF_HELO_FAIL RCVD_IN_DNSWL_NONE SPF_PASS SUBJ_YOUR_FAMILY
email_265 FORGED_MUA_EUDORA BANG_GUAR SPF_FAIL URIBL_BLACK DATE_IN_FUTURE_12_24 SPF_PASS FORGED_TELESP_RCVD
email_266 FSL_HELO_NON_FQDN_1 FB_NO_SCRIP_NEEDED FROM_OFFERS FILL_THIS_FORM_LONG SUBJ_ALL_CAPS MANY_SPAN_IN_TEXT FREEMAIL_REPLYTO_END_DIGIT
email_267 TVD_FW_GRAPHIC_NAME_LONG DNS_FROM_RFC_DSN BANG_GUAR FH_FROM_GET_NAME HEADER_SPAM
email_268 RCVD_IN_DNSWL_HI SPF_HELO_FAIL TVD_FW_GRAPHIC_NAME_LONG MSGID_OUTLOOK_INVALID RCVD_IN_SBL RCVD_IN_NJABL_SPAM
email_269 NO_RDNS_DOTCOM_HELO TO_MALFORMED SORTED_RECIPS
email_270 DOS_OE_TO_MX_IMAGE TVD_RCVD_SINGLE HTML_IMAGE_RATIO_06 SHORT_HELO_AND_INLINE_IMAGE HTML_EMBEDS
email_271 EXCUSE_24 SUSPICIOUS_RECIPS
email_272 HTML_SHORT_LINK_IMG_2 USER_IN_DEF_SPF_WL
email_273 BASE64_LENGTH_79_INF FORGED_MUA_MOZILLA URIBL_WS_SURBL MISSING_MIME_HB_SEP FROM_MISSP_FREEMAIL
email_274 HIDE_WIN_STATUS HTML_FONT_LOW_CONTRAST FH_HOST_EQ_PACBELL_D DEAR_EMAIL FUZZY_PHARMACY HTML_TITLE_SUBJ_DIFF
email_275 HTML_OBFUSCATE_10_20 RCVD_IN_NJABL_RELAY HTML_IMAGE_ONLY_08
email_276 FH_DATE_IS_19XX FH_FROM_CASH
email_277 MSGID_MULTIPLE_AT DATE_IN_PAST_06_12
email_278 FROM_LOCAL_DIGITS RCVD_DOUBLE_IP_LOOSE
email_279 ONLINE_PHARMACY FRT_ADOBE2 DATE_IN_FUTURE_24_48 WEIRD_QUOTING EXCUSE_4 WEIRD_PORT SANE_91
email_280 FB_SAVE_PERSC HTML_NONELEMENT_30_40
email_281 RCVD_IN_DNSWL_MED FSL_HELO_BARE_IP_1 DATE_IN_PAST_12_24 FS_START_LOSE HS_INDEX_PARAM REPLYTO_WITHOUT_TO_CC WEIRD_PORT
email_282 FROM_NO_USER ONLINE_PHARMACY BANKING_LAWS DATE_IN_FUTURE_06_12 MSGID_OUTLOOK_INVALID FROM_NO_USER
email_283 HK_NAME_FREE FROM_ILLEGAL_CHARS RCVD_IN_NJABL_SPAM DEAR_SOMETHING HTML_EMBEDS FB_GET_MEDS TRACKER_ID
email_284 TVD_PH_SUBJ_URGENT ALL_TRUSTED HTML_NONELEMENT_30_40 HTML_FONT_LOW_CONTRAST
email_285 SORTED_RECIPS RATWARE_MS_HASH US_DOLLARS_3 DYN_RDNS_SHORT_HELO_HTML HTML_TITLE_SUBJ_DIFF FORGED_MUA_EUDORA SUBJECT_NEEDS_ENCODING
email_286 DRUG_ED_SILD DRUGS_ERECTILE DOS_OUTLOOK_TO_MX
email_287 FM_LOTTO_YOU_WON URIBL_WS_SURBL TVD_RCVD_IP4 MSGID_RANDY DRUGS_ERECTILE
email_288 TVD_VISIT_PHARMA HTML_SHORT_CENTER HTML_OBFUSCATE_05_10
email_289 HTML_FONT_SIZE_LARGE DYN_RDNS_SHORT_HELO_HTML MISSING_MIME_HB_SEP HELO_NO_DOMAIN
email_290 FB_NO_SCRIP_NEEDED DNS_FROM_RFC_BOGUSMX FH_FROM_CASH FM_LOTTO_YOU_WON UPPERCASE_50_75 RATWARE_EGROUPS FAKE_REPLY_C
email_291 FROM_LOCAL_NOVOWEL DOS_OUTLOOK_TO_MX FM_SUBJ_APPROVE
email_292 FH_FROMEML_NOTLD BAYES_40 IMPOTENCE HELO_OEM FROM_EXCESS_BASE64
email_293 BANKING_LAWS SUBJ_DOLLARS
email_294 REPTO_QUOTE_YAHOO FS_NUDE
email_295 FROM_LOCAL_DIGITS FUZZY_PHARMACY T_FILL_THIS_FORM_SHORT
email_296 FS_LARGE_PERCENT2 SHORT_HELO_AND_INLINE_IMAGE DRUGS_DIET MIME_HTML_ONLY
email_297 FU_COMMON_SUBS2 FH_HOST_IN_ADDRARPA MIME_HTML_ONLY HTML_IMAGE_ONLY_04
email_298 MSGID_SPAM_CAPS ADVANCE_FEE_4
email_299 RCVD_IN_IADB_DOPTIN_LT50 FH_FROM_GET_NAME FREEMAIL_ENVFROM_END_DIGIT
email_300 HTML_TAG_BALANCE_BODY DATE_IN_PAST_12_24 FB_INCREASE_YOUR SPF_NEUTRAL BAYES_05 ANY_BOUNCE_MESSAGE
email_301 FIN_FREE FREEMAIL_REPLYTO_END_DIGIT MPART_ALT_DIFF
email_302 T_FILL_THIS_FORM_SHORT MSGID_FROM_MTA_HEADER ANY_BOUNCE_MESSAGE
email_303 RCVD_IN_IADB_DOPTIN_LT50 HTML_SHORT_CENTER RCVD_IN_BRBL_LASTEXT RCVD_IN_SORBS_WEB RDNS_NONE
email_304 UPPERCASE_75_100 SUBJ_ALL_CAPS
email_305 FROM_MISSP_MSFT HS_INDEX_PARAM DATE_IN_FUTURE_12_24 HTML_SHORT_CENTER RCVD_IN_SORBS_WEB
email_306 TRACKER_ID HTML_SHORT_CENTER DATE_IN_FUTURE_48_96 HTML_EXTRA_CLOSE
email_307 BAYES_80 GUARANTEED_100_PERCENT FRT_DIPLOMA
email_308 MIME_HEADER_CTYPE_ONLY INVALID_DATE NUMERIC_HTTP_ADDR RATWARE_OUTLOOK_NONAME MISSING_MIME_HB_SEP NO_HEADERS_MESSAGE
email_309 BAD_CREDIT HTML_SHORT_LINK_IMG_1 RCVD_IN_DNSWL_HI EXCUSE_4 RATWARE_EFROM
email_310 RCVD_IN_DNSWL_NONE FU_COMMON_SUBS2
email_311 FUZZY_MILLION RATWARE_OUTLOOK_NONAME ENV_AND_HDR_SPF_MATCH FROM_ILLEGAL_CHARS
email_312 HTML_COMMENT_SAVED_URL TVD_SPACE_RATIO FROM_BLANK_NAME SPF_SOFTFAIL HK_RANDOM_ENVFROM TVD_PH_SUBJ_URGENT FROM_ILLEGAL_CHARS
email_313 HEADER_SPAM FREE_QUOTE_INSTANT RCVD_HELO_IP_MISMATCH MISSING_DATE NA_DOLLARS
email_314 BANKING_LAWS SUBJ_AS_SEEN PLING_QUERY
email_315 RCVD_IN_NJABL_RELAY FB_LOSE_WEIGHT_CAP FS_START_LOSE ONE_TIME T_MIME_NO_TEXT
email_316 FB_GET_MEDS BASE64_LENGTH_78_79 URI_NOVOWEL
email_317 FROM_OFFERS TVD_SUBJ_ACC_NUM
email_318 MSGID_OUTLOOK_INVALID FREEMAIL_FORGED_REPLYTO FB_NO_SCRIP_NEEDED
email_319 URIBL_GREY FH_DATE_IS_19XX WEIRD_QUOTING FB_GET_MEDS HTML_NONELEMENT_30_40 HTML_COMMENT_SAVED_URL
email_320 MARKETING_PARTNERS HTML_EMBEDS BAYES_80
email_321 FILL_THIS_FORM_FRAUD_PHISH NO_DNS_FOR_FROM HTML_TAG_BALANCE_HEAD FRT_SOMA2
email_322 USER_IN_DEF_SPF_WL FROM_NO_USER GAPPY_SUBJECT
email_323 FH_FROM_GET_NAME DATE_IN_FUTURE_12_24 SUBJ_BUY FB_GVR MSGID_OUTLOOK_INVALID FORGED_MUA_OUTLOOK UPPERCASE_75_100
email_324 CTYPE_001C_B LOCALPART_IN_SUBJECT RCVD_IN_NJABL_SPAM ADVANCE_FEE_4 RCVD_IN_NJABL_PROXY DATE_IN_PAST_96_XX MSGID_FROM_MTA_HEADER
email_325 RCVD_IN_IADB_LISTED MIME_HEADER_CTYPE_ONLY DATE_IN_PAST_12_24 MISSING_SUBJECT FREEMAIL_ENVFROM_END_DIGIT
email_326 RDNS_NONE ENGLISH_UCE_SUBJECT TVD_APPROVED FUZZY_MILLION MONEY_BACK HTML_IMAGE_RATIO_08
email_327 FB_GET_MEDS UNPARSEABLE_RELAY DRUG_ED_CAPS OBFUSCATING_COMMENT SUBJECT_DIET NO_PRESCRIPTION MSOE_MID_WRONG_CASE
email_328 ENV_AND_HDR_SPF_MATCH URIBL_WS_SURBL TVD_APPROVED HK_NAME_FREE
email_329 UNCLAIMED_MONEY INVALID_DATE_TZ_ABSURD KAM_LOTTO1 FB_SPACED_FREE T_KHOP_FOREIGN_CLICK BAYES_80 EXTRA_MPART_TYPE
email_330 SUBJECT_DRUG_GAP_C RCVD_IN_IADB_DOPTIN_LT50 HK_RANDOM_ENVFROM DNS_FROM_RFC_DSN HTML_OBFUSCATE_05_10 HK_NAME_FREE
email_331 PERCENT_RANDOM T_FILL_THIS_FORM
email_332 HTML_MIME_NO_HTML_TAG INVALID_DATE_TZ_ABSURD
email_333 HTML_SHORT_LINK_IMG_3 SUBJ_ALL_CAPS BUG6152_INVALID_DATE_TZ_ABSURD FH_FROM_CASH BASE64_LENGTH_79_INF LOCALPART_IN_SUBJECT URIBL_SBL
email_334 DATE_IN_FUTURE_96_XX BAYES_00 FORGED_TELESP_RCVD HTML_SHORT_LINK_IMG_3 SPF_HELO_SOFTFAIL RCVD_IN_IADB_DOPTIN_LT50
email_335 BAYES_60 URIBL_BLACK RDNS_NONE FORGED_OUTLOOK_TAGS HTML_TAG_BALANCE_BODY
email_336 RCVD_HELO_IP_MISMATCH DATE_IN_FUTURE_96_XX
email_337 FORGED_TELESP_RCVD URIBL_BLACK HTML_IMAGE_ONLY_28 HTML_EMBEDS MISSING_MIMEOLE FROM_NO_USER RCVD_IN_DNSWL_HI
email_338 PART_CID_STOCK_LESS NO_RELAYS DOS_OUTLOOK_TO_MX ENGLISH_UCE_SUBJECT MIME_QP_LONG_LINE
email_339 HK_NAME_FREE FORGED_MUA_MOZILLA
email_340 TVD_SPACE_RATIO FREEMAIL_REPLYTO_END_DIGIT CTYPE_001C_B
email_341 FILL_THIS_FORM_FRAUD_PHISH FROM_LOCAL_NOVOWEL PERCENT_RANDOM SHORT_HELO_AND_INLINE_IMAGE
email_342 USER_IN_DEF_SPF_WL HTML_IMAGE_ONLY_24 S25R_6 NO_RDNS_DOTCOM_HELO MISSING_MIME_HB_SEP SPF_HELO_FAIL
email_343 SUSPICIOUS_RECIPS BASE64_LENGTH_78_79 FORGED_HOTMAIL_RCVD2 FROM_EXCESS_BASE64 BAYES_99 DATE_IN_FUTURE_96_XX
email_344 FORGED_HOTMAIL_RCVD2 XMAILER_MIMEOLE_OL_3AC1D
email_345 T_MIME_NO_TEXT RATWARE_OUTLOOK_NONAME RATWARE_EGROUPS RCVD_IN_RP_RNBL RCVD_IN_NJABL_RELAY RATWARE_MS_HASH
email_346 FSL_HELO_NON_FQDN_1 HELO_LOCALHOST
email_347 RCVD_HELO_IP_MISMATCH HTML_IMAGE_ONLY_24 RCVD_IN_RP_RNBL
email_348 UNRESOLVED_TEMPLATE BAYES_95
email_349 FUZZY_MILLION NA_DOLLARS FB_GVR BASE64_LENGTH_79_INF
email_350 HTML_OBFUSCATE_05_10 MANY_SPAN_IN_TEXT HTML_IMAGE_ONLY_24 FB_GET_MEDS
email_351 BASE64_LENGTH_78_79 RCVD_ILLEGAL_IP FAKE_HELO_MAIL_COM_DOM BAYES_40 SPF_SOFTFAIL SUBJ_AS_SEEN FORGED_MUA_MOZILLA
email_352 HTML_TITLE_SUBJ_DIFF FROM_OFFERS FREEMAIL_REPLYTO MSGID_FROM_MTA_HEADER FAKE_HELO_MAIL_COM_DOM HELO_LOCALHOST FS_START_DOYOU2
email_353 WEIRD_PORT HTML_SHORT_LINK_IMG_3 MANY_SPAN_IN_TEXT BASE64_LENGTH_78_79 TVD_PH_SUBJ_URGENT INVALID_DATE NO_DNS_FOR_FROM
email_354 BAYES_95 BAYES_40 FROM_MISSP_FREEMAIL URIBL_DBL_SPAM
email_355 FS_WEIGHT_LOSS FROM_MISSP_FREEMAIL RCVD_IN_DNSWL_NONE NA_DOLLARS URIBL_WS_SURBL URIBL_GREY DATE_IN_PAST_06_12
email_356 SUBJ_YOUR_FAMILY FORGED_MUA_MOZILLA ADVANCE_FEE_2 UNRESOLVED_TEMPLATE URIBL_GREY
email_357 RCVD_ILLEGAL_IP TO_NO_BRKTS_DYNIP GAPPY_SUBJECT HTML_FONT_SIZE_LARGE RCVD_HELO_IP_MISMATCH
email_358 NO_RELAYS HS_INDEX_PARAM HTML_SHORT_LINK_IMG_2 FROM_MISSP_MSFT RCVD_IN_SBL
email_359 SPF_HELO_PASS SPOOF_COM2COM DATE_IN_FUTURE_06_12 FS_WEIGHT_LOSS INVALID_MSGID KAM_LOTTO1 BAYES_95
email_360 FAKE_REPLY_C FROM_MISSP_FREEMAIL SPF_PASS FS_START_LOSE HTTP_EXCESSIVE_ESCAPES
email_361 HTTP_EXCESSIVE_ESCAPES RATWARE_EGROUPS FS_START_DOYOU2 SUBJ_YOUR_FAMILY
email_362 FREEMAIL_FROM RATWARE_EFROM KAM_LOTTO1 PLING_QUERY
email_363 TVD_RCVD_IP DRUGS_ANXIETY MISSING_HEADERS
email_364 HELO_DYNAMIC_DHCP HTML_SHORT_LINK_IMG_2
email_365 FS_ABIGGER RCVD_IN_DNSWL_HI
email_366 SPF_HELO_NEUTRAL T_MIME_NO_TEXT GAPPY_SUBJECT SPF_SOFTFAIL RCVD_IN_NJABL_PROXY RCVD_IN_PBL
email_367 DRUGS_ERECTILE NO_RDNS_DOTCOM_HELO SUBJ_AS_SEEN
email_368 TVD_PH_SUBJ_URGENT FORGED_TELESP_RCVD TO_MALFORMED HTML_FONT_SIZE_LARGE
email_369 UNPARSEABLE_RELAY FB_SAVE_PERSC NO_PRESCRIPTION HTML_EXTRA_CLOSE T_MIME_NO_TEXT
email_370 RCVD_IN_RP_RNBL MSGID_SHORT
email_371 NORMAL_HTTP_TO_IP HTTP_EXCESSIVE_ESCAPES
email_372 FREEMAIL_FORGED_REPLYTO SUBJ_YOUR_FAMILY DNS_FROM_RFC_BOGUSMX FRT_SOMA
email_373 FUZZY_MILLION FREEMAIL_ENVFROM_END_DIGIT
email_374 REPLYTO_WITHOUT_TO_CC RCVD_IN_NJABL_RELAY
email_375 DATE_IN_FUTURE_96_XX FORGED_OUTLOOK_TAGS
email_376 RCVD_IN_DNSWL_MED RCVD_IN_NJABL_PROXY DATE_IN_FUTURE_06_12 SUBJECT_DIET FORGED_MUA_OUTLOOK
email_377 SUBJ_AS_SEEN BAYES_20 FORGED_HOTMAIL_RCVD2 FILL_THIS_FORM_FRAUD_PHISH RCVD_IN_NJABL_PROXY
email_378 FROM_BLANK_NAME RCVD_DOUBLE_IP_LOOSE HTML_MIME_NO_HTML_TAG SPF_NEUTRAL
email_379 FILL_THIS_FORM_LOAN HTML_IMAGE_RATIO_02 ADVANCE_FEE_2 TVD_SPACE_RATIO NO_HEADERS_MESSAGE VBOUNCE_MESSAGE MIME_QP_LONG_LINE
email_380 MONEY_BACK HELO_DYNAMIC_DHCP FREE_QUOTE_INSTANT FH_DATE_IS_19XX XMAILER_MIMEOLE_OL_3AC1D FUZZY_PHARMACY
email_381 DATE_IN_FUTURE_03_06 MIME_QP_LONG_LINE
email_382 HTML_MESSAGE FROM_LOCAL_NOVOWEL RCVD_ILLEGAL_IP FREEMAIL_ENVFROM_END_DIGIT FROM_LOCAL_NOVOWEL HK_RANDOM_ENVFROM
email_383 MORE_SEX SUBJECT_DRUG_GAP_C FREEMAIL_REPLYTO_END_DIGIT IP_LINK_PLUS
email_384 FB_LOSE_WEIGHT_CAP HTML_IMAGE_ONLY_20 RATWARE_EGROUPS
email_385 MPART_ALT_DIFF HK_LOTTO FROM_MISSP_MSFT FB_GVR FROM_LOCAL_HEX HELO_LOCALHOST
email_386 KAM_LOTTO1 BANKING_LAWS FUZZY_PHENT
email_387 FH_HOST_IN_ADDRARPA TVD_PH_SUBJ_URGENT DATE_IN_PAST_96_XX
email_388 T_KHOP_FOREIGN_CLICK MISSING_MIMEOLE FROM_LOCAL_NOVOWEL HTML_IMAGE_RATIO_04 RCVD_ILLEGAL_IP BANG_GUAR FILL_THIS_FORM_LONG
email_389 LOTTO_AGENT EXCUSE_4 T_FILL_THIS_FORM FROM_MISSP_MSFT FORGED_MUA_OIMO URIBL_GREY TVD_FW_GRAPHIC_NAME_MID
email_390 MIME_HTML_ONLY UPPERCASE_50_75
email_391 DOS_OE_TO_MX EXTRA_MPART_TYPE HELO_LOCALHOST FORGED_MUA_OUTLOOK SUBJECT_NEEDS_ENCODING HTML_MESSAGE HTML_SHORT_LINK_IMG_1
email_392 SPF_HELO_NEUTRAL MISSING_SUBJECT HIDE_WIN_STATUS DRUG_ED_SILD FS_START_LOSE RCVD_IN_IADB_LISTED
email_393 BAYES_95 DRUG_ED_ONLINE MSGID_OUTLOOK_INVALID FB_INCREASE_YOUR
email_394 LOCALPART_IN_SUBJECT FUZZY_MILLION HTML_IMAGE_RATIO_08 SPF_NEUTRAL
email_395 FORGED_MSGID_YAHOO FUZZY_VPILL FM_SCHOOLING RCVD_IN_RP_RNBL FH_HOST_EQ_PACBELL_D NO_RELAYS FM_LOTTO_YOU_WON
email_396 BAYES_40 TVD_SUBJ_WIPE_DEBT DATE_IN_FUTURE_96_XX FAKE_REPLY_C
email_397 MSGID_OUTLOOK_INVALID DNS_FROM_RFC_DSN MANY_SPAN_IN_TEXT HIDE_WIN_STATUS SUBJ_BUY FSL_HELO_BARE_IP_1 HTML_MIME_NO_HTML_TAG
email_398 HK_LOTTO DOS_OUTLOOK_TO_MX BAYES_20 T_FROM_MISSPACED MIME_HTML_ONLY_MULTI HK_RANDOM_ENVFROM
email_399 NO_RECEIVED NO_RDNS_DOTCOM_HELO URIBL_DBL_SPAM FH_HOST_EQ_PACBELL_D
email_400 NORMAL_HTTP_TO_IP HTML_NONELEMENT_30_40 HTML_OBFUSCATE_05_10
email_401 MSOE_MID_WRONG_CASE EXCUSE_4 DOS_OE_TO_MX_IMAGE HTML_COMMENT_SAVED_URL FREEMAIL_ENVFROM_END_DIGIT EXCUSE_24
email_402 FORGED_MUA_THEBAT_BOUN BAYES_99 TVD_FW_GRAPHIC_NAME_LONG HTML_OBFUSCATE_05_10
email_403 UPPERCASE_50_75 GUARANTEED_100_PERCENT FB_GVR FM_SCHOOLING BODY_ENHANCEMENT2 RCVD_IN_DNSWL_HI FREEMAIL_FORGED_REPLYTO
email_404 ENGLISH_UCE_SUBJECT HTML_TAG_BALANCE_BODY FILL_THIS_FORM_LOAN TVD_RCVD_SINGLE
email_405 UNCLAIMED_MONEY RDNS_DYNAMIC PART_CID_STOCK_LESS FB_LOSE_WEIGHT_CAP HTML_EXTRA_CLOSE RATWARE_MS_HASH HTML_TITLE_SUBJ_DIFF
email_406 SUBJ_BUY INVALID_MSGID
email_407 BAYES_05 SANE_91 IP_LINK_PLUS TO_NO_BRKTS_DYNIP KAM_LOTTO1 FR_TITLE_NUMS
email_408 T_MIME_NO_TEXT DATE_IN_FUTURE_06_12 FREEMAIL_ENVFROM_END_DIGIT URIBL_WS_SURBL FROM_STARTS_WITH_NUMS FUZZY_CREDIT
email_409 RCVD_IN_IADB_DOPTIN_LT50 UNRESOLVED_TEMPLATE BAYES_20 MSGID_FROM_MTA_HEADER FROM_MISSP_MSFT HTML_IMAGE_ONLY_24 CTYPE_001C_B
email_410 FORGED_YAHOO_RCVD RCVD_IN_NJABL_SPAM FORGED_MSGID_YAHOO FH_FROM_CASH
email_411 T_KHOP_FOREIGN_CLICK ACT_NOW_CAPS IP_LINK_PLUS FUZZY_MILLION
email_412 SHORT_HELO_AND_INLINE_IMAGE MIME_BASE64_TEXT HEADER_SPAM LOCALPART_IN_SUBJECT RDNS_DYNAMIC UPPERCASE_75_100
email_413 HTML_IMAGE_RATIO_06 FREEMAIL_REPLYTO_END_DIGIT URIBL_DBL_SPAM FB_SAVE_PERSC RCVD_HELO_IP_MISMATCH
email_414 FROM_STARTS_WITH_NUMS HTML_SHORT_LINK_IMG_2 HK_RANDOM_ENVFROM HTML_MIME_NO_HTML_TAG NO_RECEIVED
email_415 RCVD_IN_SORBS_DUL FS_ABIGGER ENGLISH_UCE_SUBJECT
email_416 ADVANCE_FEE_3 FUZZY_XPILL MSGID_SHORT ACT_NOW_CAPS
email_417 HTML_SHORT_LINK_IMG_3 BASE64_LENGTH_78_79 TVD_VISIT_PHARMA FS_START_DOYOU2 INVALID_DATE
email_418 HTML_TITLE_SUBJ_DIFF RATWARE_EFROM
email_419 BODY_ENHANCEMENT2 DATE_IN_PAST_06_12 PLING_QUERY NO_HEADERS_MESSAGE FORGED_MUA_THEBAT_BOUN WEIRD_PORT HTML_SHORT_LINK_IMG_3
email_420 FORGED_HOTMAIL_RCVD2 FUZZY_PHENT MARKETING_PARTNERS RATWARE_OUTLOOK_NONAME HTML_IMAGE_ONLY_28 FILL_THIS_FORM_LOAN DATE_IN_PAST_06_12
email_421 HELO_NO_DOMAIN DRUG_ED_SILD
email_422 HTML_IMAGE_ONLY_32 SUBJECT_NEEDS_ENCODING FU_COMMON_SUBS2
email_423 RCVD_NUMERIC_HELO WEIRD_PORT FB_NO_SCRIP_NEEDED MSGID_MULTIPLE_AT NO_HEADERS_MESSAGE RDNS_DYNAMIC SPF_NEUTRAL
email_424 HEADER_SPAM DATE_IN_FUTURE_03_06 NORMAL_HTTP_TO_IP SPF_HELO_FAIL
email_425 FH_FROM_GET_NAME FSL_HELO_NON_FQDN_1
email_426 URIBL_BLACK MONEY_BACK T_FILL_THIS_FORM MONEY_BACK SUBJECT_NEEDS_ENCODING
email_427 DRUG_ED_ONLINE FB_INCREASE_YOUR TVD_SPACE_RATIO BAYES_00 DATE_IN_PAST_12_24 CTYPE_001C_B BODY_ENHANCEMENT
email_428 INVALID_MSGID FORGED_MSGID_YAHOO FSL_HELO_BARE_IP_1 RCVD_IN_SORBS_DUL
email_429 RCVD_IN_NJABL_PROXY FORGED_MSGID_YAHOO FORGED_HOTMAIL_RCVD2
email_430 ONLINE_PHARMACY FORGED_OUTLOOK_HTML
email_431 FROM_BLANK_NAME ADVANCE_FEE_3 NA_DOLLARS SPF_FAIL MPART_ALT_DIFF_COUNT
email_432 HTML_SHORT_LINK_IMG_2 HTTP_ESCAPED_HOST SPF_HELO_FAIL HTML_SHORT_LINK_IMG_1 FROM_LOCAL_HEX HELO_DYNAMIC_DHCP URIBL_BLACK
email_433 FB_NO_SCRIP_NEEDED DATE_IN_PAST_03_06 HTML_TAG_BALANCE_BODY MIME_BASE64_BLANKS RDNS_DYNAMIC
email_434 DATE_IN_PAST_06_12 RCVD_IN_RP_RNBL HK_RANDOM_ENVFROM IMPOTENCE
email_435 HTML_IMAGE_ONLY_04 S25R_6 GUARANTEED_100_PERCENT VBOUNCE_MESSAGE SUBJECT_NEEDS_ENCODING
email_436 MSGID_SPAM_CAPS FM_SUBJ_APPROVE HTML_IMAGE_ONLY_12
email_437 HTML_OBFUSCATE_10_20 KAM_LOTTO1
email_438 RCVD_HELO_IP_MISMATCH TVD_RCVD_IP4 FREEMAIL_REPLYTO_END_DIGIT FROM_LOCAL_HEX HTTP_ESCAPED_HOST FB_GVR NUMERIC_HTTP_ADDR
email_439 TVD_RCVD_IP URIBL_BLACK HTML_OBFUSCATE_10_20
email_440 URG_BIZ MPART_ALT_DIFF
email_441 HTML_IMAGE_ONLY_20 HTML_MIME_NO_HTML_TAG NO_PRESCRIPTION
email_442 EXCUSE_4 BASE64_LENGTH_78_79 FORGED_MUA_IMS RCVD_IN_SBL RATWARE_EGROUPS SPF_HELO_SOFTFAIL BAYES_20
email_443 APOSTROPHE_FROM TVD_FW_GRAPHIC_NAME_LONG FORGED_HOTMAIL_RCVD2 URIBL_SBL TO_NO_BRKTS_DYNIP FM_SCHOOLING
email_444 TVD_VISIT_PHARMA NORMAL_HTTP_TO_IP INVALID_MSGID FORGED_MSGID_YAHOO URIBL_JP_SURBL CTYPE_001C_B HTML_SHORT_LINK_IMG_1
email_445 MIME_HEADER_CTYPE_ONLY RATWARE_OUTLOOK_NONAME DATE_IN_PAST_96_XX HELO_NO_DOMAIN FORGED_YAHOO_RCVD FUZZY_VPILL
email_446 FB_NO_SCRIP_NEEDED MIME_HTML_ONLY_MULTI HELO_OEM
email_447 NO_PRESCRIPTION APOSTROPHE_FROM BAD_CREDIT MPART_ALT_DIFF
email_448 FROM_MISSP_DYNIP BAYES_00 HTML_IMAGE_RATIO_08 ADVANCE_FEE_3 XMAILER_MIMEOLE_OL_3AC1D T_LOTS_OF_MONEY
email_449 TVD_RCVD_IP4 FORGED_TELESP_RCVD
email_450 MIME_HTML_MOSTLY DOS_HIGHBIT_HDRS_BODY FREEMAIL_FROM DATE_IN_FUTURE_03_06 FS_NUDE MISSING_MIMEOLE
email_451 BODY_ENHANCEMENT2 SPF_HELO_SOFTFAIL XMAILER_MIMEOLE_OL_3AC1D FRT_ADOBE2 RDNS_NONE DRUG_ED_CAPS
email_452 SPF_PASS NO_RELAYS HTML_FONT_SIZE_HUGE
email_453 BODY_ENHANCEMENT2 ADVANCE_FEE_4 INVALID_MSGID ADVANCE_FEE_2 FUZZY_MILLION BAYES_60
email_454 HTML_NONELEMENT_30_40 HTML_FONT_SIZE_LARGE RCVD_IN_BRBL_LASTEXT FS_WEIGHT_LOSS
email_455 RCVD_IN_IADB_LISTED HTML_MESSAGE
email_456 URIBL_GREY DATE_IN_FUTURE_96_XX BODY_ENHANCEMENT
email_457 DATE_IN_FUTURE_03_06 FORGED_MUA_IMS FSL_HELO_NON_FQDN_1 FREEMAIL_REPLYTO SUBJ_YOUR_DEBT RCVD_ILLEGAL_IP DOS_OE_TO_MX_IMAGE
email_458 BAD_CREDIT FREE_QUOTE_INSTANT
email_459 BUG6152_INVALID_DATE_TZ_ABSURD FSL_HELO_BARE_IP_1 SUBJECT_DRUG_GAP_C DRUG_ED_ONLINE FROM_ILLEGAL_CHARS FORGED_TELESP_RCVD
email_460 DOS_OE_TO_MX_IMAGE HTML_IMAGE_ONLY_32 RCVD_HELO_IP_MISMATCH FS_START_LOSE MSGID_RANDY
email_461 HELO_OEM URIBL_SBL URG_BIZ FRT_BIGGERMEM1 PLING_QUERY
email_462 TVD_SUBJ_WIPE_DEBT HTML_SHORT_LINK_IMG_1 MISSING_SUBJECT
email_463 DIET_1 FROM_EXCESS_BASE64 SPF_SOFTFAIL RCVD_ILLEGAL_IP FUZZY_MILLION WEIRD_QUOTING FORGED_OUTLOOK_HTML
email_464 SUBJ_YOUR_FAMILY REPTO_QUOTE_YAHOO TVD_SUBJ_ACC_NUM RCVD_IN_SBL HIDE_WIN_STATUS SPF_HELO_PASS
email_465 RCVD_IN_RP_RNBL FORGED_MUA_THEBAT_BOUN
email_466 FSL_HELO_BARE_IP_1 INVALID_DATE_TZ_ABSURD HTML_TAG_BALANCE_HEAD SUBJ_YOUR_DEBT
email_467 MIME_HEADER_CTYPE_ONLY RCVD_IN_NJABL_PROXY URIBL_BLACK VBOUNCE_MESSAGE DRUGS_ERECTILE DIET_1 SHORT_TERM_PRICE
email_468 FH_HELO_EQ_D_D_D_D HTML_TAG_BALANCE_BODY FUZZY_MILLION FUZZY_MILLION
email_469 HEADER_SPAM FH_HOST_IN_ADDRARPA
email_470 FILL_THIS_FORM_FRAUD_PHISH PART_CID_STOCK_LESS DOS_OE_TO_MX_IMAGE DATE_IN_PAST_06_12 PERCENT_RANDOM
email_471 SANE_91 DEAR_SOMETHING HTML_IMAGE_RATIO_06 FORGED_MUA_IMS INVALID_DATE MIME_BASE64_BLANKS
email_472 MISSING_MIMEOLE HTML_OBFUSCATE_10_20 NO_RELAYS
email_473 HTML_IMAGE_ONLY_20 REPLYTO_WITHOUT_TO_CC MANY_SPAN_IN_TEXT FM_LOTTO_YOU_WON ENGLISH_UCE_SUBJECT FB_SPACED_FREE MSGID_MULTIPLE_AT
email_474 DATE_IN_PAST_96_XX RCVD_IN_DNSWL_MED APOSTROPHE_FROM TVD_SUBJ_WIPE_DEBT HELO_OEM FROM_BLANK_NAME
email_475 URIBL_SBL TVD_RCVD_SINGLE BILLION_DOLLARS SUBJ_AS_SEEN
email_476 FORGED_OUTLOOK_HTML FROM_EXCESS_BASE64 HTML_MIME_NO_HTML_TAG
email_477 TVD_SUBJ_WIPE_DEBT TWO_IPS_RCVD US_DOLLARS_3
email_478 FORGED_MSGID_YAHOO DNS_FROM_RFC_DSN FREE_QUOTE_INSTANT RCVD_IN_IADB_DOPTIN_LT50 MSGID_FROM_MTA_HEADER
email_479 IMPOTENCE MSGID_MULTIPLE_AT FSL_HELO_BARE_IP_1 FROM_MISSP_FREEMAIL NO_RELAYS MISSING_DATE
email_480 MONEY_BACK FR_TITLE_NUMS FS_REPLICA MIME_HTML_ONLY_MULTI HTML_NONELEMENT_30_40 FB_SPACED_FREE
email_481 FH_HOST_EQ_PACBELL_D LOW_PRICE TVD_SUBJ_WIPE_DEBT HTML_TAG_BALANCE_HEAD RCVD_IN_SBL ONLINE_PHARMACY
email_482 RATWARE_OUTLOOK_NONAME BODY_ENHANCEMENT FM_SCHOOL_DIPLOMA FRT_SOMA RCVD_IN_IADB_LISTED MPART_ALT_DIFF HK_LOTTO
email_483 RCVD_IN_PBL FROM_LOCAL_DIGITS BAYES_95 FROM_LOCAL_HEX NORMAL_HTTP_TO_IP MPART_ALT_DIFF_COUNT DATE_IN_FUTURE_48_96
email_484 NA_DOLLARS HELO_LOCALHOST FM_SCHOOL_DIPLOMA
email_485 TVD_FW_GRAPHIC_NAME_LONG SUBJECT_DRUG_GAP_C
email_486 DNS_FROM_RFC_DSN HTML_TAG_BALANCE_BODY MSGID_OUTLOOK_INVALID RCVD_IN_SORBS_WEB BAYES_20
email_487 SPF_NEUTRAL TVD_SUBJ_ACC_NUM SUBJ_ILLEGAL_CHARS
email_488 RCVD_ILLEGAL_IP UPPERCASE_50_75
email_489 DRUG_ED_ONLINE TO_MALFORMED
email_490 MIME_BASE64_TEXT NO_RECEIVED DRUG_ED_CAPS
email_491 HTML_MESSAGE T_FROM_MISSPACED FROM_MISSP_MSFT
email_492 ADVANCE_FEE_2 HTML_TITLE_SUBJ_DIFF MPART_ALT_DIFF_COUNT FUZZY_VPILL RCVD_DOUBLE_IP_LOOSE NO_DNS_FOR_FROM
email_493 BILLION_DOLLARS ADVANCE_FEE_3 FROM_BLANK_NAME
email_494 RCVD_IN_DNSWL_NONE HTML_IMAGE_ONLY_24 BANKING_LAWS
email_495 T_LOTS_OF_MONEY FROM_STARTS_WITH_NUMS
email_496 FILL_THIS_FORM_LONG URIBL_GREY FROM_EXCESS_BASE64
email_497 GAPPY_SUBJECT RCVD_IN_NJABL_RELAY FB_INCREASE_YOUR RCVD_IN_SORBS_DUL FM_LOTTO_YOU_WON RCVD_IN_DNSWL_LOW
email_498 FROM_LOCAL_DIGITS SPOOF_COM2COM ADVANCE_FEE_4
email_499 BAYES_80 FORGED_MUA_THEBAT_BOUN FORGED_MUA_IMS BAD_CREDIT RCVD_IN_DNSWL_LOW SPF_HELO_NEUTRAL
email_500 MISSING_MIME_HB_SEP HTML_SHORT_LINK_IMG_1 URIBL_GREY T_FILL_THIS_FORM_SHORT MISSING_SUBJECT RCVD_IN_DNSWL_MED DOS_OUTLOOK_TO_MX
email_501 FAKE_REPLY_C DATE_IN_FUTURE_48_96 HTML_FONT_SIZE_HUGE
email_502 FB_NO_SCRIP_NEEDED MONEY_FROM_MISSP FAKE_REPLY_C RCVD_IN_NJABL_PROXY FB_SPACED_FREE FORGED_MUA_EUDORA MSOE_MID_WRONG_CASE
email_503 HTML_SHORT_LINK_IMG_2 DATE_IN_FUTURE_96_XX HTML_IMAGE_ONLY_32 HTTP_ESCAPED_HOST
email_504 EXTRA_MPART_TYPE BAYES_95 MISSING_MIMEOLE FORGED_MSGID_YAHOO FORGED_MUA_EUDORA ONLINE_PHARMACY SPF_PASS
email_505 SORTED_RECIPS FB_INCREASE_YOUR FH_HOST_EQ_PACBELL_D DEAR_EMAIL FREEMAIL_REPLY BAYES_40 NO_DNS_FOR_FROM
email_506 NO_RDNS_DOTCOM_HELO MISSING_HEADERS XMAILER_MIMEOLE_OL_3AC1D
email_507 RCVD_NUMERIC_HELO TWO_IPS_RCVD FB_GVR VBOUNCE_MESSAGE
email_508 CTYPE_001C_B SPF_HELO_SOFTFAIL BAYES_20 MSOE_MID_WRONG_CASE INVALID_DATE MIME_HTML_ONLY_MULTI
email_509 TVD_PH_SUBJ_URGENT ENV_AND_HDR_SPF_MATCH SPF_SOFTFAIL
email_510 DRUG_ED_SILD T_KHOP_FOREIGN_CLICK BUG6152_INVALID_DATE_TZ_ABSURD SUBJ_ALL_CAPS
email_511 FUZZY_MILLION PART_CID_STOCK_LESS BASE64_LENGTH_78_79 IMPOTENCE REPTO_QUOTE_YAHOO RATWARE_MS_HASH
email_512 RATWARE_EFROM MPART_ALT_DIFF MISSING_MIME_HB_SEP MSOE_MID_WRONG_CASE FROM_ILLEGAL_CHARS FROM_ILLEGAL_CHARS
email_513 RCVD_FAKE_HELO_DOTCOM FB_GVR
email_514 MONEY_BACK FH_FROMEML_NOTLD FORGED_MUA_OUTLOOK T_LOTS_OF_MONEY BODY_ENHANCEMENT
email_515 RATWARE_MS_HASH BAYES_80 FU_COMMON_SUBS2 FREEMAIL_REPLY
email_516 URI_NOVOWEL TVD_RCVD_SINGLE ADVANCE_FEE_3 FROM_ILLEGAL_CHARS
email_517 RATWARE_OUTLOOK_NONAME HK_NAME_DRUGS FM_LOTTO_YOU_WON SPF_HELO_NEUTRAL
email_518 EXCUSE_24 BAYES_99 FB_SAVE_PERSC RCVD_IN_DNSWL_HI HTML_FONT_SIZE_LARGE BASE64_LENGTH_78_79
email_519 FR_TITLE_NUMS SUBJ_YOUR_FAMILY DATE_IN_PAST_03_06
email_520 T_FROM_MISSPACED FB_SPACED_FREE
email_521 RCVD_IN_DNSWL_MED XMAILER_MIMEOLE_OL_3AC1D BAYES_95 OBFUSCATING_COMMENT
email_522 BAYES_50 SPF_NEUTRAL MSGID_RANDY DOS_HIGHBIT_HDRS_BODY
email_523 FORGED_MUA_IMS TVD_RCVD_IP MIME_HEADER_CTYPE_ONLY HS_INDEX_PARAM TVD_PH_BODY_ACCOUNTS_PRE S25R_6
email_524 SUBJ_ILLEGAL_CHARS MIME_HTML_MOSTLY NO_HEADERS_MESSAGE ONLINE_PHARMACY FORGED_MUA_THEBAT_BOUN
email_525 T_LOTS_OF_MONEY FRT_SOMA REPTO_QUOTE_YAHOO MPART_ALT_DIFF_COUNT RCVD_HELO_IP_MISMATCH FORGED_TELESP_RCVD HTML_FONT_FACE_BAD
email_526 RCVD_IN_PBL FROM_BLANK_NAME SHORT_TERM_PRICE HTTP_ESCAPED_HOST SANE_91 HTML_SHORT_LINK_IMG_2
email_527 ALL_TRUSTED MIME_QP_LONG_LINE T_FILL_THIS_FORM_SHORT RCVD_DOUBLE_IP_LOOSE BANG_GUAR
email_528 BAYES_20 BAD_CREDIT HTML_SHORT_CENTER BAYES_60 DRUGS_ANXIETY ENGLISH_UCE_SUBJECT
email_529 VBOUNCE_MESSAGE DRUG_ED_CAPS HTML_OBFUSCATE_10_20 RDNS_DYNAMIC T_FROM_MISSPACED FILL_THIS_FORM_LONG MPART_ALT_DIFF_COUNT
email_530 FROM_NO_USER HTML_OBFUSCATE_05_10 CTYPE_001C_B SUBJECT_DIET FUZZY_PHENT LOW_PRICE FROM_OFFERS
email_531 HELO_NO_DOMAIN FB_GVR SPF_HELO_NEUTRAL FREEMAIL_ENVFROM_END_DIGIT HS_INDEX_PARAM
email_532 APOSTROPHE_FROM DNS_FROM_RFC_BOGUSMX FH_HOST_EQ_PACBELL_D MSGID_MULTIPLE_AT HTML_TAG_BALANCE_HEAD
email_533 SPF_PASS FS_WEIGHT_LOSS HELO_OEM RCVD_IN_IADB_LISTED
email_534 FILL_THIS_FORM_LONG FUZZY_PHENT DYN_RDNS_AND_INLINE_IMAGE SORTED_RECIPS
email_535 HELO_DYNAMIC_DHCP RATWARE_EFROM
email_536 TRACKER_ID HTML_IMAGE_RATIO_08
email_537 NO_HEADERS_MESSAGE HK_LOTTO
email_538 T_FROM_MISSPACED HTML_IMAGE_ONLY_28 HK_SCAM_N2 HTML_IMAGE_ONLY_20
email_539 RCVD_IN_IADB_LISTED SUBJ_BUY NO_RELAYS MORE_SEX FROM_BLANK_NAME
email_540 MONEY_BACK RCVD_IN_NJABL_PROXY TVD_FW_GRAPHIC_NAME_LONG
email_541 DATE_IN_PAST_12_24 BAYES_80 REPTO_QUOTE_YAHOO FORGED_MSGID_YAHOO URG_BIZ
email_542 INVALID_DATE_TZ_ABSURD RCVD_IN_NJABL_RELAY TO_NO_BRKTS_DYNIP ENGLISH_UCE_SUBJECT FORGED_MUA_THEBAT_BOUN FH_HOST_EQ_PACBELL_D FRT_BIGGERMEM1
email_543 PERCENT_RANDOM TVD_APPROVED DRUGS_ANXIETY TVD_SUBJ_WIPE_DEBT BUG6152_INVALID_DATE_TZ_ABSURD
email_544 HTML_SHORT_LINK_IMG_2 FORGED_MUA_IMS RATWARE_MS_HASH BAYES_50 UNCLAIMED_MONEY
email_545 TVD_RCVD_IP HTML_COMMENT_SAVED_URL FROM_OFFERS
email_546 SUSPICIOUS_RECIPS FORGED_OUTLOOK_HTML NUMERIC_HTTP_ADDR
email_547 FAKE_HELO_MAIL_COM_DOM HTML_IMAGE_ONLY_20 FH_FROM_CASH HTML_OBFUSCATE_10_20 TVD_RCVD_SINGLE MIME_HTML_MOSTLY FAKE_REPLY_C
email_548 HTML_IMAGE_RATIO_06 TVD_RCVD_SINGLE MIME_BASE64_BLANKS TVD_PH_SUBJ_URGENT FORGED_TELESP_RCVD
email_549 HTML_IMAGE_ONLY_28 FAKE_REPLY_C ALL_TRUSTED NORMAL_HTTP_TO_IP
email_550 LOCALPART_IN_SUBJECT HTML_FONT_LOW_CONTRAST FB_GET_MEDS
email_551 DATE_IN_PAST_12_24 UPPERCASE_75_100 MSGID_OUTLOOK_INVALID MIME_HTML_ONLY
email_552 SPF_HELO_PASS FILL_THIS_FORM_FRAUD_PHISH DATE_IN_FUTURE_24_48 UNCLAIMED_MONEY
email_553 HTML_OBFUSCATE_10_20 ALL_TRUSTED GAPPY_SUBJECT FROM_ILLEGAL_CHARS TVD_FW_GRAPHIC_NAME_MID HTML_IMAGE_RATIO_06 DATE_IN_FUTURE_96_XX
email_554 SUBJ_BUY FROM_BLANK_NAME HTML_IMAGE_ONLY_16 FUZZY_PHARMACY MILLION_USD SHORT_HELO_AND_INLINE_IMAGE
email_555 RCVD_IN_RP_RNBL SPF_PASS FORGED_MUA_MOZILLA SHORT_TERM_PRICE
email_556 SPF_NEUTRAL DRUG_ED_SILD HTML_IMAGE_ONLY_08
email_557 HTML_IMAGE_RATIO_08 BAYES_05 RATWARE_MS_HASH FILL_THIS_FORM_LOAN
email_558 SPF_NEUTRAL ADVANCE_FEE_3 BODY_ENHANCEMENT URI_NOVOWEL
email_559 DNS_FROM_RFC_BOGUSMX TRACKER_ID RCVD_IN_IADB_DOPTIN_LT50 SPF_HELO_FAIL HTML_SHORT_CENTER FB_NO_SCRIP_NEEDED
email_560 HTML_FONT_SIZE_LARGE SUBJECT_DRUG_GAP_C FROM_LOCAL_NOVOWEL DEAR_EMAIL BASE64_LENGTH_78_79 MSGID_MULTIPLE_AT SANE_91
email_561 DATE_IN_FUTURE_12_24 VBOUNCE_MESSAGE HK_LOTTO
email_562 HTML_COMMENT_SAVED_URL BAYES_20 FORGED_OUTLOOK_TAGS WEIRD_QUOTING RCVD_IN_NJABL_PROXY HTML_IMAGE_RATIO_02 REPLYTO_WITHOUT_TO_CC
email_563 FH_HELO_EQ_D_D_D_D BAYES_05 SPF_PASS FH_FROM_CASH TVD_FW_GRAPHIC_NAME_MID
email_564 FH_FROMEML_NOTLD MSGID_RANDY MANY_SPAN_IN_TEXT T_LOTS_OF_MONEY RCVD_IN_BRBL_LASTEXT
email_565 DATE_IN_FUTURE_03_06 MIME_HTML_ONLY_MULTI
email_566 MSGID_OUTLOOK_INVALID SORTED_RECIPS FORGED_MUA_OIMO
email_567 FUZZY_PHENT RCVD_IN_PBL FAKE_REPLY_C HTML_FONT_SIZE_LARGE DOS_OUTLOOK_TO_MX
email_568 DATE_IN_FUTURE_03_06 BAYES_40 BANG_GUAR HTML_SHORT_LINK_IMG_2
email_569 DRUGS_DIET FRT_ADOBE2 EXTRA_MPART_TYPE BODY_ENHANCEMENT2
email_570 DEAR_SOMETHING BILLION_DOLLARS DNS_FROM_RFC_BOGUSMX RCVD_IN_NJABL_RELAY
email_571 DEAR_EMAIL FH_FROM_CASH HS_INDEX_PARAM DATE_IN_PAST_06_12
email_572 SUBJ_YOUR_DEBT HK_NAME_FREE URIBL_SBL TWO_IPS_RCVD
email_573 MSGID_SHORT HELO_LOCALHOST HTML_FONT_FACE_BAD RDNS_NONE
email_574 MSGID_SPAM_CAPS PERCENT_RANDOM FS_NUDE FROM_MISSP_DYNIP SHORT_TERM_PRICE FROM_NO_USER
email_575 FB_SAVE_PERSC MANY_SPAN_IN_TEXT FORGED_OUTLOOK_TAGS
email_576 TVD_FW_GRAPHIC_NAME_MID DIET_1 DRUGS_MUSCLE NO_DNS_FOR_FROM
email_577 RCVD_IN_IADB_DOPTIN_LT50 FROM_STARTS_WITH_NUMS
email_578 SUBJ_YOUR_DEBT URIBL_BLACK
email_579 FORGED_MUA_EUDORA DATE_IN_FUTURE_06_12
email_580 GUARANTEED_100_PERCENT HTML_IMAGE_RATIO_08 BODY_ENHANCEMENT T_KHOP_FOREIGN_CLICK
email_581 MISSING_MIMEOLE MPART_ALT_DIFF_COUNT
email_582 RCVD_IN_RP_RNBL TVD_INCREASE_SIZE BAYES_00 NO_HEADERS_MESSAGE MIME_HTML_MOSTLY FRT_DIPLOMA
email_583 SPF_HELO_PASS FILL_THIS_FORM_LONG HTML_IMAGE_RATIO_02 MIME_QP_LONG_LINE HTML_OBFUSCATE_10_20 DOS_OE_TO_MX_IMAGE GUARANTEED_100_PERCENT
email_584 NUMERIC_HTTP_ADDR BILLION_DOLLARS ONE_TIME
email_585 MIME_HEADER_CTYPE_ONLY DATE_IN_PAST_96_XX TRACKER_ID FORGED_YAHOO_RCVD UPPERCASE_75_100 BANG_GUAR UPPERCASE_75_100
email_586 DRUG_ED_CAPS FROM_MISSP_MSFT FORGED_MUA_EUDORA MISSING_MIME_HB_SEP FS_ABIGGER
email_587 FS_LARGE_PERCENT2 SUBJECT_DIET
email_588 SUBJECT_DRUG_GAP_C VBOUNCE_MESSAGE FROM_OFFERS FUZZY_CREDIT
email_589 LOW_PRICE TVD_APPROVED
email_590 MISSING_MIMEOLE BASE64_LENGTH_78_79 SUBJECT_NEEDS_ENCODING PERCENT_RANDOM PERCENT_RANDOM EXCUSE_REMOVE
email_591 BAYES_20 MISSING_MIMEOLE FUZZY_CREDIT BAYES_80 RCVD_IN_BRBL_LASTEXT TVD_APPROVED
email_592 FM_SUBJ_APPROVE IP_LINK_PLUS
email_593 RCVD_IN_DNSWL_HI SPF_FAIL HTML_MESSAGE
email_594 SPF_HELO_FAIL HTML_MESSAGE MISSING_HEADERS SHORT_TERM_PRICE IMPOTENCE RATWARE_EFROM
email_595 FS_WEIGHT_LOSS EXCUSE_24 MILLION_USD HTML_FONT_SIZE_HUGE FS_START_DOYOU2 HELO_DYNAMIC_DHCP
email_596 FS_REPLICA REPTO_QUOTE_YAHOO OBFUSCATING_COMMENT FREEMAIL_FORGED_REPLYTO SUSPICIOUS_RECIPS ENV_AND_HDR_SPF_MATCH FREEMAIL_REPLYTO
email_597 FROM_NO_USER DATE_IN_PAST_12_24 MSGID_RANDY
email_598 HTML_TITLE_SUBJ_DIFF MIME_HEADER_CTYPE_ONLY FUZZY_PHENT TVD_SPACE_RATIO RCVD_HELO_IP_MISMATCH HTML_IMAGE_ONLY_16 BAYES_99
email_599 TVD_FW_GRAPHIC_NAME_LONG TWO_IPS_RCVD FB_LOSE_WEIGHT_CAP HTTP_EXCESSIVE_ESCAPES VBOUNCE_MESSAGE
email_600 BAYES_99 TO_NO_BRKTS_DYNIP HTML_SHORT_LINK_IMG_2 HELO_DYNAMIC_DHCP BAYES_80
email_601 LOW_PRICE FB_INCREASE_YOUR DATE_IN_PAST_03_06
email_602 TO_MALFORMED IMPOTENCE FROM_LOCAL_NOVOWEL CTYPE_001C_B MPART_ALT_DIFF T_KHOP_FOREIGN_CLICK
email_603 DEAR_FRIEND DRUG_ED_ONLINE HTML_SHORT_LINK_IMG_1 TVD_RCVD_SINGLE HTML_OBFUSCATE_10_20
email_604 MONEY_FROM_MISSP URIBL_BLACK FS_NUDE
email_605 INVALID_DATE DEAR_FRIEND FREEMAIL_ENVFROM_END_DIGIT
email_606 HTML_FONT_SIZE_HUGE RATWARE_MS_HASH RCVD_IN_IADB_DOPTIN_LT50
email_607 URIBL_SBL FSL_HELO_NON_FQDN_1 FRT_SOMA FB_NO_SCRIP_NEEDED
email_608 FB_INCREASE_YOUR DYN_RDNS_SHORT_HELO_HTML FS_START_LOSE HTML_COMMENT_SAVED_URL
email_609 RDNS_NONE RDNS_NONE DATE_IN_FUTURE_03_06 FILL_THIS_FORM_LONG RCVD_IN_NJABL_RELAY
email_610 BAYES_80 T_FROM_MISSPACED RCVD_IN_SORBS_DUL URI_NOVOWEL
email_611 KAM_LOTTO1 SHORT_TERM_PRICE RCVD_NUMERIC_HELO FILL_THIS_FORM_LOAN
email_612 FUZZY_PHARMACY HTML_EXTRA_CLOSE SPOOF_COM2COM RCVD_IN_DNSWL_LOW
email_613 ONE_TIME FB_LOSE_WEIGHT_CAP FREEMAIL_REPLY HTML_EMBEDS FH_DATE_IS_19XX
email_614 T_FROM_MISSPACED TVD_FW_GRAPHIC_NAME_LONG NO_RELAYS HTTP_EXCESSIVE_ESCAPES
email_615 NO_DNS_FOR_FROM SPF_PASS FRT_SOMA HTML_IMAGE_ONLY_08 SPF_HELO_SOFTFAIL MSGID_FROM_MTA_HEADER BUG6152_INVALID_DATE_TZ_ABSURD
email_616 ANY_BOUNCE_MESSAGE PART_CID_STOCK_LESS FR_TITLE_NUMS HTML_IMAGE_ONLY_08 MISSING_DATE DYN_RDNS_SHORT_HELO_HTML
email_617 DRUGS_MUSCLE URIBL_WS_SURBL SUSPICIOUS_RECIPS FB_NO_SCRIP_NEEDED NO_RECEIVED
email_618 FH_HOST_EQ_PACBELL_D FB_LOSE_WEIGHT_CAP HIDE_WIN_STATUS TWO_IPS_RCVD EXTRA_MPART_TYPE
email_619 MISSING_MIME_HB_SEP TVD_SUBJ_ACC_NUM RCVD_IN_NJABL_PROXY NUMERIC_HTTP_ADDR FROM_LOCAL_DIGITS URG_BIZ FS_START_LOSE
email_620 SUBJECT_NEEDS_ENCODING BUG6152_INVALID_DATE_TZ_ABSURD UNRESOLVED_TEMPLATE FH_HELO_EQ_D_D_D_D
email_621 FR_TITLE_NUMS DRUGS_ANXIETY DRUGS_DIET KAM_LOTTO1 FREE_QUOTE_INSTANT
email_622 FB_INCREASE_YOUR URG_BIZ FREE_QUOTE_INSTANT HTML_MIME_NO_HTML_TAG HTML_IMAGE_RATIO_04
email_623 FB_SAVE_PERSC MPART_ALT_DIFF FUZZY_PHENT NA_DOLLARS
email_624 HTML_TITLE_SUBJ_DIFF MISSING_HEADERS MSGID_SHORT RCVD_IN_NJABL_PROXY FROM_EXCESS_BASE64
email_625 EXCUSE_4 TVD_SPACE_RATIO DATE_IN_PAST_96_XX EXTRA_MPART_TYPE RCVD_IN_NJABL_PROXY REPTO_QUOTE_YAHOO
email_626 FORGED_MSGID_YAHOO MIME_QP_LONG_LINE
email_627 ADVANCE_FEE_2 RCVD_IN_RP_RNBL HTML_COMMENT_SAVED_URL HTML_SHORT_CENTER IP_LINK_PLUS BODY_ENHANCEMENT
email_628 FREEMAIL_REPLYTO_END_DIGIT BAD_CREDIT XMAILER_MIMEOLE_OL_3AC1D BAYES_00 T_FILL_THIS_FORM HTTP_EXCESSIVE_ESCAPES
email_629 URIBL_BLACK XMAILER_MIMEOLE_OL_3AC1D HK_SCAM_N2 RCVD_IN_SORBS_DUL TWO_IPS_RCVD FROM_ILLEGAL_CHARS ONLINE_PHARMACY
email_630 HTML_COMMENT_SAVED_URL HTML_IMAGE_RATIO_02 DATE_IN_PAST_12_24 DATE_IN_PAST_96_XX HTML_TITLE_SUBJ_DIFF
email_631 PLING_QUERY APOSTROPHE_FROM MIME_HTML_ONLY T_LOTS_OF_MONEY FORGED_MUA_OIMO MARKETING_PARTNERS FUZZY_VPILL
email_632 TVD_FW_GRAPHIC_NAME_LONG FH_FROMEML_NOTLD SHORT_HELO_AND_INLINE_IMAGE FROM_ILLEGAL_CHARS SPOOF_COM2COM HTML_OBFUSCATE_05_10
email_633 FUZZY_PHENT NO_PRESCRIPTION T_MIME_NO_TEXT DATE_IN_FUTURE_24_48 SUBJ_ILLEGAL_CHARS ONLINE_PHARMACY
email_634 RCVD_IN_SORBS_DUL SPOOF_COM2COM BAYES_20 TVD_APPROVED HTML_IMAGE_ONLY_28 BASE64_LENGTH_78_79
email_635 RCVD_IN_RP_RNBL RCVD_IN_SORBS_WEB DRUGS_DIET HEADER_SPAM RATWARE_EFROM FORGED_MUA_THEBAT_BOUN BAYES_40
email_636 KAM_LOTTO1 URIBL_WS_SURBL
email_637 NO_RECEIVED PLING_QUERY SHORT_HELO_AND_INLINE_IMAGE BANKING_LAWS
email_638 FAKE_REPLY_C NO_DNS_FOR_FROM HK_RANDOM_ENVFROM ENGLISH_UCE_SUBJECT IMPOTENCE FROM_LOCAL_NOVOWEL HTML_IMAGE_ONLY_32
email_639 FORGED_MUA_EUDORA MSGID_OUTLOOK_INVALID BASE64_LENGTH_78_79 FS_ABIGGER LOCALPART_IN_SUBJECT
email_640 URIBL_WS_SURBL DOS_OE_TO_MX_IMAGE EXCUSE_24
email_641 SPF_HELO_FAIL SANE_91 HTML_SHORT_LINK_IMG_1 FROM_LOCAL_NOVOWEL DATE_IN_PAST_12_24
email_642 FAKE_REPLY_C RCVD_IN_DNSWL_HI RCVD_IN_NJABL_RELAY HTML_IMAGE_ONLY_28 USER_IN_DEF_SPF_WL
email_643 FM_SCHOOLING RCVD_NUMERIC_HELO FRT_SOMA
email_644 ENGLISH_UCE_SUBJECT HTML_SHORT_LINK_IMG_2 DEAR_SOMETHING DEAR_FRIEND
email_645 TVD_APPROVED MISSING_MIMEOLE DATE_IN_FUTURE_06_12 SUBJECT_DRUG_GAP_C SANE_91 OBFUSCATING_COMMENT TVD_PH_BODY_ACCOUNTS_PRE
email_646 BAD_CREDIT DNS_FROM_RFC_DSN SUSPICIOUS_RECIPS FREEMAIL_FROM FH_HOST_EQ_PACBELL_D HTML_MIME_NO_HTML_TAG
email_647 SUBJECT_NEEDS_ENCODING FREEMAIL_FORGED_REPLYTO SANE_91 TVD_APPROVED FUZZY_XPILL
email_648 DOS_HIGHBIT_HDRS_BODY TVD_VISIT_PHARMA
email_649 IP_LINK_PLUS HTML_IMAGE_RATIO_06
email_650 ONE_TIME DATE_IN_FUTURE_12_24 FS_NUDE FM_SCHOOLING FS_NUDE DNS_FROM_RFC_BOGUSMX FROM_LOCAL_NOVOWEL
email_651 MSGID_FROM_MTA_HEADER HTML_MIME_NO_HTML_TAG FORGED_YAHOO_RCVD DEAR_FRIEND ENGLISH_UCE_SUBJECT CTYPE_001C_B FH_FROM_GET_NAME
email_652 ANY_BOUNCE_MESSAGE XMAILER_MIMEOLE_OL_3AC1D FB_GVR TVD_RCVD_IP4 LOW_PRICE
email_653 FS_REPLICA SORTED_RECIPS HTML_IMAGE_ONLY_24 BAYES_40 XMAILER_MIMEOLE_OL_3AC1D T_KHOP_FOREIGN_CLICK
email_654 HTML_IMAGE_RATIO_04 FROM_ILLEGAL_CHARS
email_655 HTML_MESSAGE US_DOLLARS_3 HTML_IMAGE_ONLY_32 DRUGS_ANXIETY DATE_IN_FUTURE_96_XX
email_656 HTTP_ESCAPED_HOST URIBL_DBL_SPAM DRUG_ED_ONLINE RCVD_FAKE_HELO_DOTCOM
email_657 FUZZY_XPILL FS_LARGE_PERCENT2
email_658 T_FILL_THIS_FORM_SHORT MORE_SEX DNS_FROM_RFC_DSN NO_DNS_FOR_FROM HTML_SHORT_LINK_IMG_3
email_659 REPTO_QUOTE_YAHOO RCVD_IN_DNSWL_MED S25R_6
email_660 BANKING_LAWS NO_DNS_FOR_FROM HTML_SHORT_CENTER
email_661 URI_NOVOWEL FILL_THIS_FORM_LONG
email_662 TRACKER_ID URIBL_JP_SURBL FS_WEIGHT_LOSS
email_663 HK_NAME_DRUGS HELO_DYNAMIC_DHCP FB_NO_SCRIP_NEEDED BAYES_60 FS_START_DOYOU2
email_664 HTML_IMAGE_ONLY_16 FREEMAIL_REPLY URIBL_JP_SURBL HTML_IMAGE_ONLY_12 SUBJ_ALL_CAPS APOSTROPHE_FROM
email_665 BAYES_60 TO_MALFORMED T_FILL_THIS_FORM RCVD_IN_BRBL_LASTEXT
email_666 FS_ABIGGER URI_NOVOWEL BAYES_60 HTTP_EXCESSIVE_ESCAPES
email_667 DYN_RDNS_AND_INLINE_IMAGE BAD_CREDIT VBOUNCE_MESSAGE
email_668 MSGID_FROM_MTA_HEADER SUBJ_ILLEGAL_CHARS
email_669 TVD_RCVD_IP4 BANKING_LAWS NO_HEADERS_MESSAGE FROM_LOCAL_HEX ENV_AND_HDR_SPF_MATCH
email_670 DATE_IN_FUTURE_96_XX URIBL_WS_SURBL KAM_LOTTO1 MIME_BASE64_BLANKS
email_671 FM_SUBJ_APPROVE TVD_RCVD_IP4 TVD_PH_SUBJ_URGENT NO_RELAYS MIME_BASE64_TEXT
email_672 DOS_OE_TO_MX_IMAGE FS_REPLICA MONEY_FROM_MISSP FS_START_LOSE TVD_SPACE_RATIO URI_HEX FREE_QUOTE_INSTANT
email_673 SUBJ_ILLEGAL_CHARS MIME_HEADER_CTYPE_ONLY
email_674 FB_SAVE_PERSC UNCLAIMED_MONEY
email_675 HTML_FONT_FACE_BAD TWO_IPS_RCVD RATWARE_OUTLOOK_NONAME MSGID_MULTIPLE_AT
email_676 REPLYTO_WITHOUT_TO_CC PART_CID_STOCK_LESS
email_677 URIBL_GREY FS_WEIGHT_LOSS HTML_IMAGE_RATIO_04 HTML_SHORT_LINK_IMG_2
email_678 FROM_EXCESS_BASE64 REPLYTO_WITHOUT_TO_CC SPF_SOFTFAIL
email_679 HELO_DYNAMIC_DHCP SUBJECT_DIET MPART_ALT_DIFF SPOOF_COM2COM SORTED_RECIPS FRT_SOMA RCVD_DOUBLE_IP_LOOSE
email_680 HTML_IMAGE_ONLY_28 SORTED_RECIPS FB_NO_SCRIP_NEEDED
email_681 ANY_BOUNCE_MESSAGE FH_FROM_CASH
email_682 MONEY_BACK SPF_HELO_NEUTRAL
email_683 ENV_AND_HDR_SPF_MATCH TO_NO_BRKTS_DYNIP
email_684 NORMAL_HTTP_TO_IP MIME_BASE64_TEXT DRUGS_DIET TVD_VISIT_PHARMA FS_LARGE_PERCENT2 FS_ABIGGER
email_685 MIME_HTML_ONLY_MULTI BAYES_95 MSGID_SPAM_CAPS
email_686 FS_NUDE IP_LINK_PLUS
email_687 URIBL_SBL USER_IN_DEF_SPF_WL PERCENT_RANDOM ENGLISH_UCE_SUBJECT MIME_HTML_MOSTLY RCVD_IN_DNSWL_MED
email_688 XMAILER_MIMEOLE_OL_3AC1D DOS_OE_TO_MX_IMAGE SHORT_HELO_AND_INLINE_IMAGE
email_689 FH_HOST_IN_ADDRARPA RCVD_IN_DNSWL_HI SUBJECT_NEEDS_ENCODING
email_690 HTML_IMAGE_ONLY_28 FS_ABIGGER
email_691 BAYES_40 BAYES_50 FS_START_LOSE
email_692 FRT_ADOBE2 UNCLAIMED_MONEY FORGED_MUA_IMS REPTO_QUOTE_YAHOO UPPERCASE_75_100 FROM_LOCAL_DIGITS
email_693 FROM_ILLEGAL_CHARS BAYES_05 FUZZY_XPILL FB_NO_SCRIP_NEEDED
email_694 HK_NAME_FREE FORGED_OUTLOOK_HTML DATE_IN_PAST_12_24 BASE64_LENGTH_79_INF
